The target system is: Android - 1 - aarch64
The host system is: Linux - 4.4.0-119-generic - x86_64
Determining if the C compiler works passed with the following output:
Change Dir: /home/zrji/android_caffe/caffe-android-opencl/build_arm64-v8a/CMakeFiles/CMakeTmp

Run Build Command:"/usr/bin/make" "cmTC_04fa0/fast"
/usr/bin/make -f CMakeFiles/cmTC_04fa0.dir/build.make CMakeFiles/cmTC_04fa0.dir/build
make[1]: Entering directory '/home/zrji/android_caffe/caffe-android-opencl/build_arm64-v8a/CMakeFiles/CMakeTmp'
Building C object CMakeFiles/cmTC_04fa0.dir/testCCompiler.c.o
/home/zrji/android_caffe/tmp_ndk/android-ndk-r18b/toolchains/llvm/prebuilt/linux-x86_64/bin/clang --target=aarch64-none-linux-android28 --gcc-toolchain=/home/zrji/android_caffe/tmp_ndk/android-ndk-r18b/toolchains/aarch64-linux-android-4.9/prebuilt/linux-x86_64 --sysroot=/home/zrji/android_caffe/tmp_ndk/android-ndk-r18b/sysroot   -isystem /home/zrji/android_caffe/tmp_ndk/android-ndk-r18b/sysroot/usr/include/aarch64-linux-android -g -DANDROID -ffunction-sections -funwind-tables -fstack-protector-strong -no-canonical-prefixes -Wa,--noexecstack -Wformat -Werror=format-security   -fPIE   -o CMakeFiles/cmTC_04fa0.dir/testCCompiler.c.o   -c /home/zrji/android_caffe/caffe-android-opencl/build_arm64-v8a/CMakeFiles/CMakeTmp/testCCompiler.c
Linking C executable cmTC_04fa0
/usr/bin/cmake -E cmake_link_script CMakeFiles/cmTC_04fa0.dir/link.txt --verbose=1
/home/zrji/android_caffe/tmp_ndk/android-ndk-r18b/toolchains/llvm/prebuilt/linux-x86_64/bin/clang --target=aarch64-none-linux-android28 --gcc-toolchain=/home/zrji/android_caffe/tmp_ndk/android-ndk-r18b/toolchains/aarch64-linux-android-4.9/prebuilt/linux-x86_64 --sysroot=/home/zrji/android_caffe/tmp_ndk/android-ndk-r18b/sysroot -isystem /home/zrji/android_caffe/tmp_ndk/android-ndk-r18b/sysroot/usr/include/aarch64-linux-android -g -DANDROID -ffunction-sections -funwind-tables -fstack-protector-strong -no-canonical-prefixes -Wa,--noexecstack -Wformat -Werror=format-security    -Wl,--exclude-libs,libgcc.a -Wl,--exclude-libs,libatomic.a -nostdlib++ --sysroot /home/zrji/android_caffe/tmp_ndk/android-ndk-r18b/platforms/android-28/arch-arm64 -Wl,--build-id -Wl,--warn-shared-textrel -Wl,--fatal-warnings -L/home/zrji/android_caffe/tmp_ndk/android-ndk-r18b/sources/cxx-stl/llvm-libc++/libs/arm64-v8a -Wl,--no-undefined -Wl,-z,noexecstack -Qunused-arguments -Wl,-z,relro -Wl,-z,now -Wl,--gc-sections -Wl,-z,nocopyreloc -pie -fpie   CMakeFiles/cmTC_04fa0.dir/testCCompiler.c.o  -o cmTC_04fa0 -latomic -lm 
make[1]: Leaving directory '/home/zrji/android_caffe/caffe-android-opencl/build_arm64-v8a/CMakeFiles/CMakeTmp'


Detecting C compiler ABI info compiled with the following output:
Change Dir: /home/zrji/android_caffe/caffe-android-opencl/build_arm64-v8a/CMakeFiles/CMakeTmp

Run Build Command:"/usr/bin/make" "cmTC_fbb10/fast"
/usr/bin/make -f CMakeFiles/cmTC_fbb10.dir/build.make CMakeFiles/cmTC_fbb10.dir/build
make[1]: Entering directory '/home/zrji/android_caffe/caffe-android-opencl/build_arm64-v8a/CMakeFiles/CMakeTmp'
Building C object CMakeFiles/cmTC_fbb10.dir/CMakeCCompilerABI.c.o
/home/zrji/android_caffe/tmp_ndk/android-ndk-r18b/toolchains/llvm/prebuilt/linux-x86_64/bin/clang --target=aarch64-none-linux-android28 --gcc-toolchain=/home/zrji/android_caffe/tmp_ndk/android-ndk-r18b/toolchains/aarch64-linux-android-4.9/prebuilt/linux-x86_64 --sysroot=/home/zrji/android_caffe/tmp_ndk/android-ndk-r18b/sysroot   -isystem /home/zrji/android_caffe/tmp_ndk/android-ndk-r18b/sysroot/usr/include/aarch64-linux-android -g -DANDROID -ffunction-sections -funwind-tables -fstack-protector-strong -no-canonical-prefixes -Wa,--noexecstack -Wformat -Werror=format-security   -fPIE   -o CMakeFiles/cmTC_fbb10.dir/CMakeCCompilerABI.c.o   -c /usr/share/cmake-3.12/Modules/CMakeCCompilerABI.c
Linking C executable cmTC_fbb10
/usr/bin/cmake -E cmake_link_script CMakeFiles/cmTC_fbb10.dir/link.txt --verbose=1
/home/zrji/android_caffe/tmp_ndk/android-ndk-r18b/toolchains/llvm/prebuilt/linux-x86_64/bin/clang --target=aarch64-none-linux-android28 --gcc-toolchain=/home/zrji/android_caffe/tmp_ndk/android-ndk-r18b/toolchains/aarch64-linux-android-4.9/prebuilt/linux-x86_64 --sysroot=/home/zrji/android_caffe/tmp_ndk/android-ndk-r18b/sysroot -isystem /home/zrji/android_caffe/tmp_ndk/android-ndk-r18b/sysroot/usr/include/aarch64-linux-android -g -DANDROID -ffunction-sections -funwind-tables -fstack-protector-strong -no-canonical-prefixes -Wa,--noexecstack -Wformat -Werror=format-security    -Wl,--exclude-libs,libgcc.a -Wl,--exclude-libs,libatomic.a -nostdlib++ --sysroot /home/zrji/android_caffe/tmp_ndk/android-ndk-r18b/platforms/android-28/arch-arm64 -Wl,--build-id -Wl,--warn-shared-textrel -Wl,--fatal-warnings -L/home/zrji/android_caffe/tmp_ndk/android-ndk-r18b/sources/cxx-stl/llvm-libc++/libs/arm64-v8a -Wl,--no-undefined -Wl,-z,noexecstack -Qunused-arguments -Wl,-z,relro -Wl,-z,now -Wl,--gc-sections -Wl,-z,nocopyreloc -pie -fpie  -v CMakeFiles/cmTC_fbb10.dir/CMakeCCompilerABI.c.o  -o cmTC_fbb10 
Android (4751641 based on r328903) clang version 7.0.2 (https://android.googlesource.com/toolchain/clang 003100370607242ddd5815e4a043907ea9004281) (https://android.googlesource.com/toolchain/llvm 1d739ffb0366421d383e04ff80ec2ee591315116) (based on LLVM 7.0.2svn)
Target: aarch64-none-linux-android28
Thread model: posix
InstalledDir: /home/zrji/android_caffe/tmp_ndk/android-ndk-r18b/toolchains/llvm/prebuilt/linux-x86_64/bin
Found candidate GCC installation: /home/zrji/android_caffe/tmp_ndk/android-ndk-r18b/toolchains/aarch64-linux-android-4.9/prebuilt/linux-x86_64/lib/gcc/aarch64-linux-android/4.9.x
Selected GCC installation: /home/zrji/android_caffe/tmp_ndk/android-ndk-r18b/toolchains/aarch64-linux-android-4.9/prebuilt/linux-x86_64/lib/gcc/aarch64-linux-android/4.9.x
Candidate multilib: .;@m64
Selected multilib: .;@m64
Found CUDA installation: /usr/local/cuda-9.0, version 9.0
 "/home/zrji/android_caffe/tmp_ndk/android-ndk-r18b/toolchains/aarch64-linux-android-4.9/prebuilt/linux-x86_64/lib/gcc/aarch64-linux-android/4.9.x/../../../../aarch64-linux-android/bin/ld" --sysroot=/home/zrji/android_caffe/tmp_ndk/android-ndk-r18b/platforms/android-28/arch-arm64 -pie --fix-cortex-a53-843419 -z relro --enable-new-dtags --eh-frame-hdr -m aarch64linux -dynamic-linker /system/bin/linker64 -o cmTC_fbb10 /home/zrji/android_caffe/tmp_ndk/android-ndk-r18b/platforms/android-28/arch-arm64/usr/lib/crtbegin_dynamic.o -L/home/zrji/android_caffe/tmp_ndk/android-ndk-r18b/sources/cxx-stl/llvm-libc++/libs/arm64-v8a -L/home/zrji/android_caffe/tmp_ndk/android-ndk-r18b/toolchains/llvm/prebuilt/linux-x86_64/lib64/clang/7.0.2/lib/linux/aarch64 -L/home/zrji/android_caffe/tmp_ndk/android-ndk-r18b/toolchains/aarch64-linux-android-4.9/prebuilt/linux-x86_64/lib/gcc/aarch64-linux-android/4.9.x -L/home/zrji/android_caffe/tmp_ndk/android-ndk-r18b/toolchains/aarch64-linux-android-4.9/prebuilt/linux-x86_64/lib/gcc/aarch64-linux-android/4.9.x/../../../../aarch64-linux-android/lib/../lib64 -L/home/zrji/android_caffe/tmp_ndk/android-ndk-r18b/toolchains/aarch64-linux-android-4.9/prebuilt/linux-x86_64/lib/gcc/aarch64-linux-android/4.9.x/../../../../aarch64-linux-android/lib -L/home/zrji/android_caffe/tmp_ndk/android-ndk-r18b/platforms/android-28/arch-arm64/usr/lib --exclude-libs libgcc.a --exclude-libs libatomic.a --build-id --warn-shared-textrel --fatal-warnings --no-undefined -z noexecstack -z relro -z now --gc-sections -z nocopyreloc CMakeFiles/cmTC_fbb10.dir/CMakeCCompilerABI.c.o -lgcc -ldl -lc -lgcc -ldl /home/zrji/android_caffe/tmp_ndk/android-ndk-r18b/platforms/android-28/arch-arm64/usr/lib/crtend_android.o
make[1]: Leaving directory '/home/zrji/android_caffe/caffe-android-opencl/build_arm64-v8a/CMakeFiles/CMakeTmp'


Parsed C implicit link information from above output:
  link line regex: [^( *|.*[/\])(aarch64-linux-android-ld|CMAKE_LINK_STARTFILE-NOTFOUND|([^/\]+-)?ld|collect2)[^/\]*( |$)]
  ignore line: [Change Dir: /home/zrji/android_caffe/caffe-android-opencl/build_arm64-v8a/CMakeFiles/CMakeTmp]
  ignore line: []
  ignore line: [Run Build Command:"/usr/bin/make" "cmTC_fbb10/fast"]
  ignore line: [/usr/bin/make -f CMakeFiles/cmTC_fbb10.dir/build.make CMakeFiles/cmTC_fbb10.dir/build]
  ignore line: [make[1]: Entering directory '/home/zrji/android_caffe/caffe-android-opencl/build_arm64-v8a/CMakeFiles/CMakeTmp']
  ignore line: [Building C object CMakeFiles/cmTC_fbb10.dir/CMakeCCompilerABI.c.o]
  ignore line: [/home/zrji/android_caffe/tmp_ndk/android-ndk-r18b/toolchains/llvm/prebuilt/linux-x86_64/bin/clang --target=aarch64-none-linux-android28 --gcc-toolchain=/home/zrji/android_caffe/tmp_ndk/android-ndk-r18b/toolchains/aarch64-linux-android-4.9/prebuilt/linux-x86_64 --sysroot=/home/zrji/android_caffe/tmp_ndk/android-ndk-r18b/sysroot   -isystem /home/zrji/android_caffe/tmp_ndk/android-ndk-r18b/sysroot/usr/include/aarch64-linux-android -g -DANDROID -ffunction-sections -funwind-tables -fstack-protector-strong -no-canonical-prefixes -Wa,--noexecstack -Wformat -Werror=format-security   -fPIE   -o CMakeFiles/cmTC_fbb10.dir/CMakeCCompilerABI.c.o   -c /usr/share/cmake-3.12/Modules/CMakeCCompilerABI.c]
  ignore line: [Linking C executable cmTC_fbb10]
  ignore line: [/usr/bin/cmake -E cmake_link_script CMakeFiles/cmTC_fbb10.dir/link.txt --verbose=1]
  ignore line: [/home/zrji/android_caffe/tmp_ndk/android-ndk-r18b/toolchains/llvm/prebuilt/linux-x86_64/bin/clang --target=aarch64-none-linux-android28 --gcc-toolchain=/home/zrji/android_caffe/tmp_ndk/android-ndk-r18b/toolchains/aarch64-linux-android-4.9/prebuilt/linux-x86_64 --sysroot=/home/zrji/android_caffe/tmp_ndk/android-ndk-r18b/sysroot -isystem /home/zrji/android_caffe/tmp_ndk/android-ndk-r18b/sysroot/usr/include/aarch64-linux-android -g -DANDROID -ffunction-sections -funwind-tables -fstack-protector-strong -no-canonical-prefixes -Wa,--noexecstack -Wformat -Werror=format-security    -Wl,--exclude-libs,libgcc.a -Wl,--exclude-libs,libatomic.a -nostdlib++ --sysroot /home/zrji/android_caffe/tmp_ndk/android-ndk-r18b/platforms/android-28/arch-arm64 -Wl,--build-id -Wl,--warn-shared-textrel -Wl,--fatal-warnings -L/home/zrji/android_caffe/tmp_ndk/android-ndk-r18b/sources/cxx-stl/llvm-libc++/libs/arm64-v8a -Wl,--no-undefined -Wl,-z,noexecstack -Qunused-arguments -Wl,-z,relro -Wl,-z,now -Wl,--gc-sections -Wl,-z,nocopyreloc -pie -fpie  -v CMakeFiles/cmTC_fbb10.dir/CMakeCCompilerABI.c.o  -o cmTC_fbb10 ]
  ignore line: [Android (4751641 based on r328903) clang version 7.0.2 (https://android.googlesource.com/toolchain/clang 003100370607242ddd5815e4a043907ea9004281) (https://android.googlesource.com/toolchain/llvm 1d739ffb0366421d383e04ff80ec2ee591315116) (based on LLVM 7.0.2svn)]
  ignore line: [Target: aarch64-none-linux-android28]
  ignore line: [Thread model: posix]
  ignore line: [InstalledDir: /home/zrji/android_caffe/tmp_ndk/android-ndk-r18b/toolchains/llvm/prebuilt/linux-x86_64/bin]
  ignore line: [Found candidate GCC installation: /home/zrji/android_caffe/tmp_ndk/android-ndk-r18b/toolchains/aarch64-linux-android-4.9/prebuilt/linux-x86_64/lib/gcc/aarch64-linux-android/4.9.x]
  ignore line: [Selected GCC installation: /home/zrji/android_caffe/tmp_ndk/android-ndk-r18b/toolchains/aarch64-linux-android-4.9/prebuilt/linux-x86_64/lib/gcc/aarch64-linux-android/4.9.x]
  ignore line: [Candidate multilib: .]
  ignore line: [@m64]
  ignore line: [Selected multilib: .]
  ignore line: [@m64]
  ignore line: [Found CUDA installation: /usr/local/cuda-9.0, version 9.0]
  link line: [ "/home/zrji/android_caffe/tmp_ndk/android-ndk-r18b/toolchains/aarch64-linux-android-4.9/prebuilt/linux-x86_64/lib/gcc/aarch64-linux-android/4.9.x/../../../../aarch64-linux-android/bin/ld" --sysroot=/home/zrji/android_caffe/tmp_ndk/android-ndk-r18b/platforms/android-28/arch-arm64 -pie --fix-cortex-a53-843419 -z relro --enable-new-dtags --eh-frame-hdr -m aarch64linux -dynamic-linker /system/bin/linker64 -o cmTC_fbb10 /home/zrji/android_caffe/tmp_ndk/android-ndk-r18b/platforms/android-28/arch-arm64/usr/lib/crtbegin_dynamic.o -L/home/zrji/android_caffe/tmp_ndk/android-ndk-r18b/sources/cxx-stl/llvm-libc++/libs/arm64-v8a -L/home/zrji/android_caffe/tmp_ndk/android-ndk-r18b/toolchains/llvm/prebuilt/linux-x86_64/lib64/clang/7.0.2/lib/linux/aarch64 -L/home/zrji/android_caffe/tmp_ndk/android-ndk-r18b/toolchains/aarch64-linux-android-4.9/prebuilt/linux-x86_64/lib/gcc/aarch64-linux-android/4.9.x -L/home/zrji/android_caffe/tmp_ndk/android-ndk-r18b/toolchains/aarch64-linux-android-4.9/prebuilt/linux-x86_64/lib/gcc/aarch64-linux-android/4.9.x/../../../../aarch64-linux-android/lib/../lib64 -L/home/zrji/android_caffe/tmp_ndk/android-ndk-r18b/toolchains/aarch64-linux-android-4.9/prebuilt/linux-x86_64/lib/gcc/aarch64-linux-android/4.9.x/../../../../aarch64-linux-android/lib -L/home/zrji/android_caffe/tmp_ndk/android-ndk-r18b/platforms/android-28/arch-arm64/usr/lib --exclude-libs libgcc.a --exclude-libs libatomic.a --build-id --warn-shared-textrel --fatal-warnings --no-undefined -z noexecstack -z relro -z now --gc-sections -z nocopyreloc CMakeFiles/cmTC_fbb10.dir/CMakeCCompilerABI.c.o -lgcc -ldl -lc -lgcc -ldl /home/zrji/android_caffe/tmp_ndk/android-ndk-r18b/platforms/android-28/arch-arm64/usr/lib/crtend_android.o]
    arg [/home/zrji/android_caffe/tmp_ndk/android-ndk-r18b/toolchains/aarch64-linux-android-4.9/prebuilt/linux-x86_64/lib/gcc/aarch64-linux-android/4.9.x/../../../../aarch64-linux-android/bin/ld] ==> ignore
    arg [--sysroot=/home/zrji/android_caffe/tmp_ndk/android-ndk-r18b/platforms/android-28/arch-arm64] ==> ignore
    arg [-pie] ==> ignore
    arg [--fix-cortex-a53-843419] ==> ignore
    arg [-zrelro] ==> ignore
    arg [--enable-new-dtags] ==> ignore
    arg [--eh-frame-hdr] ==> ignore
    arg [-m] ==> ignore
    arg [aarch64linux] ==> ignore
    arg [-dynamic-linker] ==> ignore
    arg [/system/bin/linker64] ==> ignore
    arg [-o] ==> ignore
    arg [cmTC_fbb10] ==> ignore
    arg [/home/zrji/android_caffe/tmp_ndk/android-ndk-r18b/platforms/android-28/arch-arm64/usr/lib/crtbegin_dynamic.o] ==> ignore
    arg [-L/home/zrji/android_caffe/tmp_ndk/android-ndk-r18b/sources/cxx-stl/llvm-libc++/libs/arm64-v8a] ==> dir [/home/zrji/android_caffe/tmp_ndk/android-ndk-r18b/sources/cxx-stl/llvm-libc++/libs/arm64-v8a]
    arg [-L/home/zrji/android_caffe/tmp_ndk/android-ndk-r18b/toolchains/llvm/prebuilt/linux-x86_64/lib64/clang/7.0.2/lib/linux/aarch64] ==> dir [/home/zrji/android_caffe/tmp_ndk/android-ndk-r18b/toolchains/llvm/prebuilt/linux-x86_64/lib64/clang/7.0.2/lib/linux/aarch64]
    arg [-L/home/zrji/android_caffe/tmp_ndk/android-ndk-r18b/toolchains/aarch64-linux-android-4.9/prebuilt/linux-x86_64/lib/gcc/aarch64-linux-android/4.9.x] ==> dir [/home/zrji/android_caffe/tmp_ndk/android-ndk-r18b/toolchains/aarch64-linux-android-4.9/prebuilt/linux-x86_64/lib/gcc/aarch64-linux-android/4.9.x]
    arg [-L/home/zrji/android_caffe/tmp_ndk/android-ndk-r18b/toolchains/aarch64-linux-android-4.9/prebuilt/linux-x86_64/lib/gcc/aarch64-linux-android/4.9.x/../../../../aarch64-linux-android/lib/../lib64] ==> dir [/home/zrji/android_caffe/tmp_ndk/android-ndk-r18b/toolchains/aarch64-linux-android-4.9/prebuilt/linux-x86_64/lib/gcc/aarch64-linux-android/4.9.x/../../../../aarch64-linux-android/lib/../lib64]
    arg [-L/home/zrji/android_caffe/tmp_ndk/android-ndk-r18b/toolchains/aarch64-linux-android-4.9/prebuilt/linux-x86_64/lib/gcc/aarch64-linux-android/4.9.x/../../../../aarch64-linux-android/lib] ==> dir [/home/zrji/android_caffe/tmp_ndk/android-ndk-r18b/toolchains/aarch64-linux-android-4.9/prebuilt/linux-x86_64/lib/gcc/aarch64-linux-android/4.9.x/../../../../aarch64-linux-android/lib]
    arg [-L/home/zrji/android_caffe/tmp_ndk/android-ndk-r18b/platforms/android-28/arch-arm64/usr/lib] ==> dir [/home/zrji/android_caffe/tmp_ndk/android-ndk-r18b/platforms/android-28/arch-arm64/usr/lib]
    arg [--exclude-libs] ==> ignore
    arg [libgcc.a] ==> ignore
    arg [--exclude-libs] ==> ignore
    arg [libatomic.a] ==> ignore
    arg [--build-id] ==> ignore
    arg [--warn-shared-textrel] ==> ignore
    arg [--fatal-warnings] ==> ignore
    arg [--no-undefined] ==> ignore
    arg [-znoexecstack] ==> ignore
    arg [-zrelro] ==> ignore
    arg [-znow] ==> ignore
    arg [--gc-sections] ==> ignore
    arg [-znocopyreloc] ==> ignore
    arg [CMakeFiles/cmTC_fbb10.dir/CMakeCCompilerABI.c.o] ==> ignore
    arg [-lgcc] ==> lib [gcc]
    arg [-ldl] ==> lib [dl]
    arg [-lc] ==> lib [c]
    arg [-lgcc] ==> lib [gcc]
    arg [-ldl] ==> lib [dl]
    arg [/home/zrji/android_caffe/tmp_ndk/android-ndk-r18b/platforms/android-28/arch-arm64/usr/lib/crtend_android.o] ==> ignore
  collapse library dir [/home/zrji/android_caffe/tmp_ndk/android-ndk-r18b/sources/cxx-stl/llvm-libc++/libs/arm64-v8a] ==> [/home/zrji/android_caffe/tmp_ndk/android-ndk-r18b/sources/cxx-stl/llvm-libc++/libs/arm64-v8a]
  collapse library dir [/home/zrji/android_caffe/tmp_ndk/android-ndk-r18b/toolchains/llvm/prebuilt/linux-x86_64/lib64/clang/7.0.2/lib/linux/aarch64] ==> [/home/zrji/android_caffe/tmp_ndk/android-ndk-r18b/toolchains/llvm/prebuilt/linux-x86_64/lib64/clang/7.0.2/lib/linux/aarch64]
  collapse library dir [/home/zrji/android_caffe/tmp_ndk/android-ndk-r18b/toolchains/aarch64-linux-android-4.9/prebuilt/linux-x86_64/lib/gcc/aarch64-linux-android/4.9.x] ==> [/home/zrji/android_caffe/tmp_ndk/android-ndk-r18b/toolchains/aarch64-linux-android-4.9/prebuilt/linux-x86_64/lib/gcc/aarch64-linux-android/4.9.x]
  collapse library dir [/home/zrji/android_caffe/tmp_ndk/android-ndk-r18b/toolchains/aarch64-linux-android-4.9/prebuilt/linux-x86_64/lib/gcc/aarch64-linux-android/4.9.x/../../../../aarch64-linux-android/lib/../lib64] ==> [/home/zrji/android_caffe/tmp_ndk/android-ndk-r18b/toolchains/aarch64-linux-android-4.9/prebuilt/linux-x86_64/aarch64-linux-android/lib64]
  collapse library dir [/home/zrji/android_caffe/tmp_ndk/android-ndk-r18b/toolchains/aarch64-linux-android-4.9/prebuilt/linux-x86_64/lib/gcc/aarch64-linux-android/4.9.x/../../../../aarch64-linux-android/lib] ==> [/home/zrji/android_caffe/tmp_ndk/android-ndk-r18b/toolchains/aarch64-linux-android-4.9/prebuilt/linux-x86_64/aarch64-linux-android/lib]
  collapse library dir [/home/zrji/android_caffe/tmp_ndk/android-ndk-r18b/platforms/android-28/arch-arm64/usr/lib] ==> [/home/zrji/android_caffe/tmp_ndk/android-ndk-r18b/platforms/android-28/arch-arm64/usr/lib]
  implicit libs: [gcc;dl;c;gcc;dl]
  implicit dirs: [/home/zrji/android_caffe/tmp_ndk/android-ndk-r18b/sources/cxx-stl/llvm-libc++/libs/arm64-v8a;/home/zrji/android_caffe/tmp_ndk/android-ndk-r18b/toolchains/llvm/prebuilt/linux-x86_64/lib64/clang/7.0.2/lib/linux/aarch64;/home/zrji/android_caffe/tmp_ndk/android-ndk-r18b/toolchains/aarch64-linux-android-4.9/prebuilt/linux-x86_64/lib/gcc/aarch64-linux-android/4.9.x;/home/zrji/android_caffe/tmp_ndk/android-ndk-r18b/toolchains/aarch64-linux-android-4.9/prebuilt/linux-x86_64/aarch64-linux-android/lib64;/home/zrji/android_caffe/tmp_ndk/android-ndk-r18b/toolchains/aarch64-linux-android-4.9/prebuilt/linux-x86_64/aarch64-linux-android/lib;/home/zrji/android_caffe/tmp_ndk/android-ndk-r18b/platforms/android-28/arch-arm64/usr/lib]
  implicit fwks: []




Detecting C [-std=c11] compiler features compiled with the following output:
Change Dir: /home/zrji/android_caffe/caffe-android-opencl/build_arm64-v8a/CMakeFiles/CMakeTmp

Run Build Command:"/usr/bin/make" "cmTC_779a2/fast"
/usr/bin/make -f CMakeFiles/cmTC_779a2.dir/build.make CMakeFiles/cmTC_779a2.dir/build
make[1]: Entering directory '/home/zrji/android_caffe/caffe-android-opencl/build_arm64-v8a/CMakeFiles/CMakeTmp'
Building C object CMakeFiles/cmTC_779a2.dir/feature_tests.c.o
/home/zrji/android_caffe/tmp_ndk/android-ndk-r18b/toolchains/llvm/prebuilt/linux-x86_64/bin/clang --target=aarch64-none-linux-android28 --gcc-toolchain=/home/zrji/android_caffe/tmp_ndk/android-ndk-r18b/toolchains/aarch64-linux-android-4.9/prebuilt/linux-x86_64 --sysroot=/home/zrji/android_caffe/tmp_ndk/android-ndk-r18b/sysroot   -isystem /home/zrji/android_caffe/tmp_ndk/android-ndk-r18b/sysroot/usr/include/aarch64-linux-android -g -DANDROID -ffunction-sections -funwind-tables -fstack-protector-strong -no-canonical-prefixes -Wa,--noexecstack -Wformat -Werror=format-security   -fPIE   -std=c11 -o CMakeFiles/cmTC_779a2.dir/feature_tests.c.o   -c /home/zrji/android_caffe/caffe-android-opencl/build_arm64-v8a/CMakeFiles/feature_tests.c
Linking C executable cmTC_779a2
/usr/bin/cmake -E cmake_link_script CMakeFiles/cmTC_779a2.dir/link.txt --verbose=1
/home/zrji/android_caffe/tmp_ndk/android-ndk-r18b/toolchains/llvm/prebuilt/linux-x86_64/bin/clang --target=aarch64-none-linux-android28 --gcc-toolchain=/home/zrji/android_caffe/tmp_ndk/android-ndk-r18b/toolchains/aarch64-linux-android-4.9/prebuilt/linux-x86_64 --sysroot=/home/zrji/android_caffe/tmp_ndk/android-ndk-r18b/sysroot -isystem /home/zrji/android_caffe/tmp_ndk/android-ndk-r18b/sysroot/usr/include/aarch64-linux-android -g -DANDROID -ffunction-sections -funwind-tables -fstack-protector-strong -no-canonical-prefixes -Wa,--noexecstack -Wformat -Werror=format-security    -Wl,--exclude-libs,libgcc.a -Wl,--exclude-libs,libatomic.a -nostdlib++ --sysroot /home/zrji/android_caffe/tmp_ndk/android-ndk-r18b/platforms/android-28/arch-arm64 -Wl,--build-id -Wl,--warn-shared-textrel -Wl,--fatal-warnings -L/home/zrji/android_caffe/tmp_ndk/android-ndk-r18b/sources/cxx-stl/llvm-libc++/libs/arm64-v8a -Wl,--no-undefined -Wl,-z,noexecstack -Qunused-arguments -Wl,-z,relro -Wl,-z,now -Wl,--gc-sections -Wl,-z,nocopyreloc -pie -fpie   CMakeFiles/cmTC_779a2.dir/feature_tests.c.o  -o cmTC_779a2 -latomic -lm 
make[1]: Leaving directory '/home/zrji/android_caffe/caffe-android-opencl/build_arm64-v8a/CMakeFiles/CMakeTmp'


    Feature record: C_FEATURE:1c_function_prototypes
    Feature record: C_FEATURE:1c_restrict
    Feature record: C_FEATURE:1c_static_assert
    Feature record: C_FEATURE:1c_variadic_macros


Detecting C [-std=c99] compiler features compiled with the following output:
Change Dir: /home/zrji/android_caffe/caffe-android-opencl/build_arm64-v8a/CMakeFiles/CMakeTmp

Run Build Command:"/usr/bin/make" "cmTC_28f63/fast"
/usr/bin/make -f CMakeFiles/cmTC_28f63.dir/build.make CMakeFiles/cmTC_28f63.dir/build
make[1]: Entering directory '/home/zrji/android_caffe/caffe-android-opencl/build_arm64-v8a/CMakeFiles/CMakeTmp'
Building C object CMakeFiles/cmTC_28f63.dir/feature_tests.c.o
/home/zrji/android_caffe/tmp_ndk/android-ndk-r18b/toolchains/llvm/prebuilt/linux-x86_64/bin/clang --target=aarch64-none-linux-android28 --gcc-toolchain=/home/zrji/android_caffe/tmp_ndk/android-ndk-r18b/toolchains/aarch64-linux-android-4.9/prebuilt/linux-x86_64 --sysroot=/home/zrji/android_caffe/tmp_ndk/android-ndk-r18b/sysroot   -isystem /home/zrji/android_caffe/tmp_ndk/android-ndk-r18b/sysroot/usr/include/aarch64-linux-android -g -DANDROID -ffunction-sections -funwind-tables -fstack-protector-strong -no-canonical-prefixes -Wa,--noexecstack -Wformat -Werror=format-security   -fPIE   -std=c99 -o CMakeFiles/cmTC_28f63.dir/feature_tests.c.o   -c /home/zrji/android_caffe/caffe-android-opencl/build_arm64-v8a/CMakeFiles/feature_tests.c
Linking C executable cmTC_28f63
/usr/bin/cmake -E cmake_link_script CMakeFiles/cmTC_28f63.dir/link.txt --verbose=1
/home/zrji/android_caffe/tmp_ndk/android-ndk-r18b/toolchains/llvm/prebuilt/linux-x86_64/bin/clang --target=aarch64-none-linux-android28 --gcc-toolchain=/home/zrji/android_caffe/tmp_ndk/android-ndk-r18b/toolchains/aarch64-linux-android-4.9/prebuilt/linux-x86_64 --sysroot=/home/zrji/android_caffe/tmp_ndk/android-ndk-r18b/sysroot -isystem /home/zrji/android_caffe/tmp_ndk/android-ndk-r18b/sysroot/usr/include/aarch64-linux-android -g -DANDROID -ffunction-sections -funwind-tables -fstack-protector-strong -no-canonical-prefixes -Wa,--noexecstack -Wformat -Werror=format-security    -Wl,--exclude-libs,libgcc.a -Wl,--exclude-libs,libatomic.a -nostdlib++ --sysroot /home/zrji/android_caffe/tmp_ndk/android-ndk-r18b/platforms/android-28/arch-arm64 -Wl,--build-id -Wl,--warn-shared-textrel -Wl,--fatal-warnings -L/home/zrji/android_caffe/tmp_ndk/android-ndk-r18b/sources/cxx-stl/llvm-libc++/libs/arm64-v8a -Wl,--no-undefined -Wl,-z,noexecstack -Qunused-arguments -Wl,-z,relro -Wl,-z,now -Wl,--gc-sections -Wl,-z,nocopyreloc -pie -fpie   CMakeFiles/cmTC_28f63.dir/feature_tests.c.o  -o cmTC_28f63 -latomic -lm 
make[1]: Leaving directory '/home/zrji/android_caffe/caffe-android-opencl/build_arm64-v8a/CMakeFiles/CMakeTmp'


    Feature record: C_FEATURE:1c_function_prototypes
    Feature record: C_FEATURE:1c_restrict
    Feature record: C_FEATURE:0c_static_assert
    Feature record: C_FEATURE:1c_variadic_macros


Detecting C [-std=c90] compiler features compiled with the following output:
Change Dir: /home/zrji/android_caffe/caffe-android-opencl/build_arm64-v8a/CMakeFiles/CMakeTmp

Run Build Command:"/usr/bin/make" "cmTC_b0d36/fast"
/usr/bin/make -f CMakeFiles/cmTC_b0d36.dir/build.make CMakeFiles/cmTC_b0d36.dir/build
make[1]: Entering directory '/home/zrji/android_caffe/caffe-android-opencl/build_arm64-v8a/CMakeFiles/CMakeTmp'
Building C object CMakeFiles/cmTC_b0d36.dir/feature_tests.c.o
/home/zrji/android_caffe/tmp_ndk/android-ndk-r18b/toolchains/llvm/prebuilt/linux-x86_64/bin/clang --target=aarch64-none-linux-android28 --gcc-toolchain=/home/zrji/android_caffe/tmp_ndk/android-ndk-r18b/toolchains/aarch64-linux-android-4.9/prebuilt/linux-x86_64 --sysroot=/home/zrji/android_caffe/tmp_ndk/android-ndk-r18b/sysroot   -isystem /home/zrji/android_caffe/tmp_ndk/android-ndk-r18b/sysroot/usr/include/aarch64-linux-android -g -DANDROID -ffunction-sections -funwind-tables -fstack-protector-strong -no-canonical-prefixes -Wa,--noexecstack -Wformat -Werror=format-security   -fPIE   -std=c90 -o CMakeFiles/cmTC_b0d36.dir/feature_tests.c.o   -c /home/zrji/android_caffe/caffe-android-opencl/build_arm64-v8a/CMakeFiles/feature_tests.c
Linking C executable cmTC_b0d36
/usr/bin/cmake -E cmake_link_script CMakeFiles/cmTC_b0d36.dir/link.txt --verbose=1
/home/zrji/android_caffe/tmp_ndk/android-ndk-r18b/toolchains/llvm/prebuilt/linux-x86_64/bin/clang --target=aarch64-none-linux-android28 --gcc-toolchain=/home/zrji/android_caffe/tmp_ndk/android-ndk-r18b/toolchains/aarch64-linux-android-4.9/prebuilt/linux-x86_64 --sysroot=/home/zrji/android_caffe/tmp_ndk/android-ndk-r18b/sysroot -isystem /home/zrji/android_caffe/tmp_ndk/android-ndk-r18b/sysroot/usr/include/aarch64-linux-android -g -DANDROID -ffunction-sections -funwind-tables -fstack-protector-strong -no-canonical-prefixes -Wa,--noexecstack -Wformat -Werror=format-security    -Wl,--exclude-libs,libgcc.a -Wl,--exclude-libs,libatomic.a -nostdlib++ --sysroot /home/zrji/android_caffe/tmp_ndk/android-ndk-r18b/platforms/android-28/arch-arm64 -Wl,--build-id -Wl,--warn-shared-textrel -Wl,--fatal-warnings -L/home/zrji/android_caffe/tmp_ndk/android-ndk-r18b/sources/cxx-stl/llvm-libc++/libs/arm64-v8a -Wl,--no-undefined -Wl,-z,noexecstack -Qunused-arguments -Wl,-z,relro -Wl,-z,now -Wl,--gc-sections -Wl,-z,nocopyreloc -pie -fpie   CMakeFiles/cmTC_b0d36.dir/feature_tests.c.o  -o cmTC_b0d36 -latomic -lm 
make[1]: Leaving directory '/home/zrji/android_caffe/caffe-android-opencl/build_arm64-v8a/CMakeFiles/CMakeTmp'


    Feature record: C_FEATURE:1c_function_prototypes
    Feature record: C_FEATURE:0c_restrict
    Feature record: C_FEATURE:0c_static_assert
    Feature record: C_FEATURE:0c_variadic_macros
Determining if the CXX compiler works passed with the following output:
Change Dir: /home/zrji/android_caffe/caffe-android-opencl/build_arm64-v8a/CMakeFiles/CMakeTmp

Run Build Command:"/usr/bin/make" "cmTC_41f84/fast"
/usr/bin/make -f CMakeFiles/cmTC_41f84.dir/build.make CMakeFiles/cmTC_41f84.dir/build
make[1]: Entering directory '/home/zrji/android_caffe/caffe-android-opencl/build_arm64-v8a/CMakeFiles/CMakeTmp'
Building CXX object CMakeFiles/cmTC_41f84.dir/testCXXCompiler.cxx.o
/home/zrji/android_caffe/tmp_ndk/android-ndk-r18b/toolchains/llvm/prebuilt/linux-x86_64/bin/clang++ --target=aarch64-none-linux-android28 --gcc-toolchain=/home/zrji/android_caffe/tmp_ndk/android-ndk-r18b/toolchains/aarch64-linux-android-4.9/prebuilt/linux-x86_64 --sysroot=/home/zrji/android_caffe/tmp_ndk/android-ndk-r18b/sysroot   -isystem /home/zrji/android_caffe/tmp_ndk/android-ndk-r18b/sources/cxx-stl/llvm-libc++/include -isystem /home/zrji/android_caffe/tmp_ndk/android-ndk-r18b/sources/cxx-stl/llvm-libc++abi/include  -isystem /home/zrji/android_caffe/tmp_ndk/android-ndk-r18b/sysroot/usr/include/aarch64-linux-android -g -DANDROID -ffunction-sections -funwind-tables -fstack-protector-strong -no-canonical-prefixes -Wa,--noexecstack -Wformat -Werror=format-security -std=c++11   -fPIE   -o CMakeFiles/cmTC_41f84.dir/testCXXCompiler.cxx.o -c /home/zrji/android_caffe/caffe-android-opencl/build_arm64-v8a/CMakeFiles/CMakeTmp/testCXXCompiler.cxx
Linking CXX executable cmTC_41f84
/usr/bin/cmake -E cmake_link_script CMakeFiles/cmTC_41f84.dir/link.txt --verbose=1
/home/zrji/android_caffe/tmp_ndk/android-ndk-r18b/toolchains/llvm/prebuilt/linux-x86_64/bin/clang++ --target=aarch64-none-linux-android28 --gcc-toolchain=/home/zrji/android_caffe/tmp_ndk/android-ndk-r18b/toolchains/aarch64-linux-android-4.9/prebuilt/linux-x86_64 --sysroot=/home/zrji/android_caffe/tmp_ndk/android-ndk-r18b/sysroot  -isystem /home/zrji/android_caffe/tmp_ndk/android-ndk-r18b/sysroot/usr/include/aarch64-linux-android -g -DANDROID -ffunction-sections -funwind-tables -fstack-protector-strong -no-canonical-prefixes -Wa,--noexecstack -Wformat -Werror=format-security -std=c++11    -Wl,--exclude-libs,libgcc.a -Wl,--exclude-libs,libatomic.a -nostdlib++ --sysroot /home/zrji/android_caffe/tmp_ndk/android-ndk-r18b/platforms/android-28/arch-arm64 -Wl,--build-id -Wl,--warn-shared-textrel -Wl,--fatal-warnings -L/home/zrji/android_caffe/tmp_ndk/android-ndk-r18b/sources/cxx-stl/llvm-libc++/libs/arm64-v8a -Wl,--no-undefined -Wl,-z,noexecstack -Qunused-arguments -Wl,-z,relro -Wl,-z,now -Wl,--gc-sections -Wl,-z,nocopyreloc -pie -fpie   CMakeFiles/cmTC_41f84.dir/testCXXCompiler.cxx.o  -o cmTC_41f84 -latomic -lm "/home/zrji/android_caffe/tmp_ndk/android-ndk-r18b/sources/cxx-stl/llvm-libc++/libs/arm64-v8a/libc++_static.a" "/home/zrji/android_caffe/tmp_ndk/android-ndk-r18b/sources/cxx-stl/llvm-libc++/libs/arm64-v8a/libc++abi.a" 
make[1]: Leaving directory '/home/zrji/android_caffe/caffe-android-opencl/build_arm64-v8a/CMakeFiles/CMakeTmp'


Detecting CXX compiler ABI info compiled with the following output:
Change Dir: /home/zrji/android_caffe/caffe-android-opencl/build_arm64-v8a/CMakeFiles/CMakeTmp

Run Build Command:"/usr/bin/make" "cmTC_e6bc6/fast"
/usr/bin/make -f CMakeFiles/cmTC_e6bc6.dir/build.make CMakeFiles/cmTC_e6bc6.dir/build
make[1]: Entering directory '/home/zrji/android_caffe/caffe-android-opencl/build_arm64-v8a/CMakeFiles/CMakeTmp'
Building CXX object CMakeFiles/cmTC_e6bc6.dir/CMakeCXXCompilerABI.cpp.o
/home/zrji/android_caffe/tmp_ndk/android-ndk-r18b/toolchains/llvm/prebuilt/linux-x86_64/bin/clang++ --target=aarch64-none-linux-android28 --gcc-toolchain=/home/zrji/android_caffe/tmp_ndk/android-ndk-r18b/toolchains/aarch64-linux-android-4.9/prebuilt/linux-x86_64 --sysroot=/home/zrji/android_caffe/tmp_ndk/android-ndk-r18b/sysroot   -isystem /home/zrji/android_caffe/tmp_ndk/android-ndk-r18b/sources/cxx-stl/llvm-libc++/include -isystem /home/zrji/android_caffe/tmp_ndk/android-ndk-r18b/sources/cxx-stl/llvm-libc++abi/include  -isystem /home/zrji/android_caffe/tmp_ndk/android-ndk-r18b/sysroot/usr/include/aarch64-linux-android -g -DANDROID -ffunction-sections -funwind-tables -fstack-protector-strong -no-canonical-prefixes -Wa,--noexecstack -Wformat -Werror=format-security -std=c++11   -fPIE   -o CMakeFiles/cmTC_e6bc6.dir/CMakeCXXCompilerABI.cpp.o -c /usr/share/cmake-3.12/Modules/CMakeCXXCompilerABI.cpp
Linking CXX executable cmTC_e6bc6
/usr/bin/cmake -E cmake_link_script CMakeFiles/cmTC_e6bc6.dir/link.txt --verbose=1
/home/zrji/android_caffe/tmp_ndk/android-ndk-r18b/toolchains/llvm/prebuilt/linux-x86_64/bin/clang++ --target=aarch64-none-linux-android28 --gcc-toolchain=/home/zrji/android_caffe/tmp_ndk/android-ndk-r18b/toolchains/aarch64-linux-android-4.9/prebuilt/linux-x86_64 --sysroot=/home/zrji/android_caffe/tmp_ndk/android-ndk-r18b/sysroot  -isystem /home/zrji/android_caffe/tmp_ndk/android-ndk-r18b/sysroot/usr/include/aarch64-linux-android -g -DANDROID -ffunction-sections -funwind-tables -fstack-protector-strong -no-canonical-prefixes -Wa,--noexecstack -Wformat -Werror=format-security -std=c++11    -Wl,--exclude-libs,libgcc.a -Wl,--exclude-libs,libatomic.a -nostdlib++ --sysroot /home/zrji/android_caffe/tmp_ndk/android-ndk-r18b/platforms/android-28/arch-arm64 -Wl,--build-id -Wl,--warn-shared-textrel -Wl,--fatal-warnings -L/home/zrji/android_caffe/tmp_ndk/android-ndk-r18b/sources/cxx-stl/llvm-libc++/libs/arm64-v8a -Wl,--no-undefined -Wl,-z,noexecstack -Qunused-arguments -Wl,-z,relro -Wl,-z,now -Wl,--gc-sections -Wl,-z,nocopyreloc -pie -fpie  -v CMakeFiles/cmTC_e6bc6.dir/CMakeCXXCompilerABI.cpp.o  -o cmTC_e6bc6 
Android (4751641 based on r328903) clang version 7.0.2 (https://android.googlesource.com/toolchain/clang 003100370607242ddd5815e4a043907ea9004281) (https://android.googlesource.com/toolchain/llvm 1d739ffb0366421d383e04ff80ec2ee591315116) (based on LLVM 7.0.2svn)
Target: aarch64-none-linux-android28
Thread model: posix
InstalledDir: /home/zrji/android_caffe/tmp_ndk/android-ndk-r18b/toolchains/llvm/prebuilt/linux-x86_64/bin
Found candidate GCC installation: /home/zrji/android_caffe/tmp_ndk/android-ndk-r18b/toolchains/aarch64-linux-android-4.9/prebuilt/linux-x86_64/lib/gcc/aarch64-linux-android/4.9.x
Selected GCC installation: /home/zrji/android_caffe/tmp_ndk/android-ndk-r18b/toolchains/aarch64-linux-android-4.9/prebuilt/linux-x86_64/lib/gcc/aarch64-linux-android/4.9.x
Candidate multilib: .;@m64
Selected multilib: .;@m64
Found CUDA installation: /usr/local/cuda-9.0, version 9.0
 "/home/zrji/android_caffe/tmp_ndk/android-ndk-r18b/toolchains/aarch64-linux-android-4.9/prebuilt/linux-x86_64/lib/gcc/aarch64-linux-android/4.9.x/../../../../aarch64-linux-android/bin/ld" --sysroot=/home/zrji/android_caffe/tmp_ndk/android-ndk-r18b/platforms/android-28/arch-arm64 -pie --fix-cortex-a53-843419 -z relro --enable-new-dtags --eh-frame-hdr -m aarch64linux -dynamic-linker /system/bin/linker64 -o cmTC_e6bc6 /home/zrji/android_caffe/tmp_ndk/android-ndk-r18b/platforms/android-28/arch-arm64/usr/lib/crtbegin_dynamic.o -L/home/zrji/android_caffe/tmp_ndk/android-ndk-r18b/sources/cxx-stl/llvm-libc++/libs/arm64-v8a -L/home/zrji/android_caffe/tmp_ndk/android-ndk-r18b/toolchains/llvm/prebuilt/linux-x86_64/lib64/clang/7.0.2/lib/linux/aarch64 -L/home/zrji/android_caffe/tmp_ndk/android-ndk-r18b/toolchains/aarch64-linux-android-4.9/prebuilt/linux-x86_64/lib/gcc/aarch64-linux-android/4.9.x -L/home/zrji/android_caffe/tmp_ndk/android-ndk-r18b/toolchains/aarch64-linux-android-4.9/prebuilt/linux-x86_64/lib/gcc/aarch64-linux-android/4.9.x/../../../../aarch64-linux-android/lib/../lib64 -L/home/zrji/android_caffe/tmp_ndk/android-ndk-r18b/toolchains/aarch64-linux-android-4.9/prebuilt/linux-x86_64/lib/gcc/aarch64-linux-android/4.9.x/../../../../aarch64-linux-android/lib -L/home/zrji/android_caffe/tmp_ndk/android-ndk-r18b/platforms/android-28/arch-arm64/usr/lib --exclude-libs libgcc.a --exclude-libs libatomic.a --build-id --warn-shared-textrel --fatal-warnings --no-undefined -z noexecstack -z relro -z now --gc-sections -z nocopyreloc CMakeFiles/cmTC_e6bc6.dir/CMakeCXXCompilerABI.cpp.o -lm -lgcc -lgcc -ldl -lc -lgcc -lgcc -ldl /home/zrji/android_caffe/tmp_ndk/android-ndk-r18b/platforms/android-28/arch-arm64/usr/lib/crtend_android.o
make[1]: Leaving directory '/home/zrji/android_caffe/caffe-android-opencl/build_arm64-v8a/CMakeFiles/CMakeTmp'


Parsed CXX implicit link information from above output:
  link line regex: [^( *|.*[/\])(aarch64-linux-android-ld|CMAKE_LINK_STARTFILE-NOTFOUND|([^/\]+-)?ld|collect2)[^/\]*( |$)]
  ignore line: [Change Dir: /home/zrji/android_caffe/caffe-android-opencl/build_arm64-v8a/CMakeFiles/CMakeTmp]
  ignore line: []
  ignore line: [Run Build Command:"/usr/bin/make" "cmTC_e6bc6/fast"]
  ignore line: [/usr/bin/make -f CMakeFiles/cmTC_e6bc6.dir/build.make CMakeFiles/cmTC_e6bc6.dir/build]
  ignore line: [make[1]: Entering directory '/home/zrji/android_caffe/caffe-android-opencl/build_arm64-v8a/CMakeFiles/CMakeTmp']
  ignore line: [Building CXX object CMakeFiles/cmTC_e6bc6.dir/CMakeCXXCompilerABI.cpp.o]
  ignore line: [/home/zrji/android_caffe/tmp_ndk/android-ndk-r18b/toolchains/llvm/prebuilt/linux-x86_64/bin/clang++ --target=aarch64-none-linux-android28 --gcc-toolchain=/home/zrji/android_caffe/tmp_ndk/android-ndk-r18b/toolchains/aarch64-linux-android-4.9/prebuilt/linux-x86_64 --sysroot=/home/zrji/android_caffe/tmp_ndk/android-ndk-r18b/sysroot   -isystem /home/zrji/android_caffe/tmp_ndk/android-ndk-r18b/sources/cxx-stl/llvm-libc++/include -isystem /home/zrji/android_caffe/tmp_ndk/android-ndk-r18b/sources/cxx-stl/llvm-libc++abi/include  -isystem /home/zrji/android_caffe/tmp_ndk/android-ndk-r18b/sysroot/usr/include/aarch64-linux-android -g -DANDROID -ffunction-sections -funwind-tables -fstack-protector-strong -no-canonical-prefixes -Wa,--noexecstack -Wformat -Werror=format-security -std=c++11   -fPIE   -o CMakeFiles/cmTC_e6bc6.dir/CMakeCXXCompilerABI.cpp.o -c /usr/share/cmake-3.12/Modules/CMakeCXXCompilerABI.cpp]
  ignore line: [Linking CXX executable cmTC_e6bc6]
  ignore line: [/usr/bin/cmake -E cmake_link_script CMakeFiles/cmTC_e6bc6.dir/link.txt --verbose=1]
  ignore line: [/home/zrji/android_caffe/tmp_ndk/android-ndk-r18b/toolchains/llvm/prebuilt/linux-x86_64/bin/clang++ --target=aarch64-none-linux-android28 --gcc-toolchain=/home/zrji/android_caffe/tmp_ndk/android-ndk-r18b/toolchains/aarch64-linux-android-4.9/prebuilt/linux-x86_64 --sysroot=/home/zrji/android_caffe/tmp_ndk/android-ndk-r18b/sysroot  -isystem /home/zrji/android_caffe/tmp_ndk/android-ndk-r18b/sysroot/usr/include/aarch64-linux-android -g -DANDROID -ffunction-sections -funwind-tables -fstack-protector-strong -no-canonical-prefixes -Wa,--noexecstack -Wformat -Werror=format-security -std=c++11    -Wl,--exclude-libs,libgcc.a -Wl,--exclude-libs,libatomic.a -nostdlib++ --sysroot /home/zrji/android_caffe/tmp_ndk/android-ndk-r18b/platforms/android-28/arch-arm64 -Wl,--build-id -Wl,--warn-shared-textrel -Wl,--fatal-warnings -L/home/zrji/android_caffe/tmp_ndk/android-ndk-r18b/sources/cxx-stl/llvm-libc++/libs/arm64-v8a -Wl,--no-undefined -Wl,-z,noexecstack -Qunused-arguments -Wl,-z,relro -Wl,-z,now -Wl,--gc-sections -Wl,-z,nocopyreloc -pie -fpie  -v CMakeFiles/cmTC_e6bc6.dir/CMakeCXXCompilerABI.cpp.o  -o cmTC_e6bc6 ]
  ignore line: [Android (4751641 based on r328903) clang version 7.0.2 (https://android.googlesource.com/toolchain/clang 003100370607242ddd5815e4a043907ea9004281) (https://android.googlesource.com/toolchain/llvm 1d739ffb0366421d383e04ff80ec2ee591315116) (based on LLVM 7.0.2svn)]
  ignore line: [Target: aarch64-none-linux-android28]
  ignore line: [Thread model: posix]
  ignore line: [InstalledDir: /home/zrji/android_caffe/tmp_ndk/android-ndk-r18b/toolchains/llvm/prebuilt/linux-x86_64/bin]
  ignore line: [Found candidate GCC installation: /home/zrji/android_caffe/tmp_ndk/android-ndk-r18b/toolchains/aarch64-linux-android-4.9/prebuilt/linux-x86_64/lib/gcc/aarch64-linux-android/4.9.x]
  ignore line: [Selected GCC installation: /home/zrji/android_caffe/tmp_ndk/android-ndk-r18b/toolchains/aarch64-linux-android-4.9/prebuilt/linux-x86_64/lib/gcc/aarch64-linux-android/4.9.x]
  ignore line: [Candidate multilib: .]
  ignore line: [@m64]
  ignore line: [Selected multilib: .]
  ignore line: [@m64]
  ignore line: [Found CUDA installation: /usr/local/cuda-9.0, version 9.0]
  link line: [ "/home/zrji/android_caffe/tmp_ndk/android-ndk-r18b/toolchains/aarch64-linux-android-4.9/prebuilt/linux-x86_64/lib/gcc/aarch64-linux-android/4.9.x/../../../../aarch64-linux-android/bin/ld" --sysroot=/home/zrji/android_caffe/tmp_ndk/android-ndk-r18b/platforms/android-28/arch-arm64 -pie --fix-cortex-a53-843419 -z relro --enable-new-dtags --eh-frame-hdr -m aarch64linux -dynamic-linker /system/bin/linker64 -o cmTC_e6bc6 /home/zrji/android_caffe/tmp_ndk/android-ndk-r18b/platforms/android-28/arch-arm64/usr/lib/crtbegin_dynamic.o -L/home/zrji/android_caffe/tmp_ndk/android-ndk-r18b/sources/cxx-stl/llvm-libc++/libs/arm64-v8a -L/home/zrji/android_caffe/tmp_ndk/android-ndk-r18b/toolchains/llvm/prebuilt/linux-x86_64/lib64/clang/7.0.2/lib/linux/aarch64 -L/home/zrji/android_caffe/tmp_ndk/android-ndk-r18b/toolchains/aarch64-linux-android-4.9/prebuilt/linux-x86_64/lib/gcc/aarch64-linux-android/4.9.x -L/home/zrji/android_caffe/tmp_ndk/android-ndk-r18b/toolchains/aarch64-linux-android-4.9/prebuilt/linux-x86_64/lib/gcc/aarch64-linux-android/4.9.x/../../../../aarch64-linux-android/lib/../lib64 -L/home/zrji/android_caffe/tmp_ndk/android-ndk-r18b/toolchains/aarch64-linux-android-4.9/prebuilt/linux-x86_64/lib/gcc/aarch64-linux-android/4.9.x/../../../../aarch64-linux-android/lib -L/home/zrji/android_caffe/tmp_ndk/android-ndk-r18b/platforms/android-28/arch-arm64/usr/lib --exclude-libs libgcc.a --exclude-libs libatomic.a --build-id --warn-shared-textrel --fatal-warnings --no-undefined -z noexecstack -z relro -z now --gc-sections -z nocopyreloc CMakeFiles/cmTC_e6bc6.dir/CMakeCXXCompilerABI.cpp.o -lm -lgcc -lgcc -ldl -lc -lgcc -lgcc -ldl /home/zrji/android_caffe/tmp_ndk/android-ndk-r18b/platforms/android-28/arch-arm64/usr/lib/crtend_android.o]
    arg [/home/zrji/android_caffe/tmp_ndk/android-ndk-r18b/toolchains/aarch64-linux-android-4.9/prebuilt/linux-x86_64/lib/gcc/aarch64-linux-android/4.9.x/../../../../aarch64-linux-android/bin/ld] ==> ignore
    arg [--sysroot=/home/zrji/android_caffe/tmp_ndk/android-ndk-r18b/platforms/android-28/arch-arm64] ==> ignore
    arg [-pie] ==> ignore
    arg [--fix-cortex-a53-843419] ==> ignore
    arg [-zrelro] ==> ignore
    arg [--enable-new-dtags] ==> ignore
    arg [--eh-frame-hdr] ==> ignore
    arg [-m] ==> ignore
    arg [aarch64linux] ==> ignore
    arg [-dynamic-linker] ==> ignore
    arg [/system/bin/linker64] ==> ignore
    arg [-o] ==> ignore
    arg [cmTC_e6bc6] ==> ignore
    arg [/home/zrji/android_caffe/tmp_ndk/android-ndk-r18b/platforms/android-28/arch-arm64/usr/lib/crtbegin_dynamic.o] ==> ignore
    arg [-L/home/zrji/android_caffe/tmp_ndk/android-ndk-r18b/sources/cxx-stl/llvm-libc++/libs/arm64-v8a] ==> dir [/home/zrji/android_caffe/tmp_ndk/android-ndk-r18b/sources/cxx-stl/llvm-libc++/libs/arm64-v8a]
    arg [-L/home/zrji/android_caffe/tmp_ndk/android-ndk-r18b/toolchains/llvm/prebuilt/linux-x86_64/lib64/clang/7.0.2/lib/linux/aarch64] ==> dir [/home/zrji/android_caffe/tmp_ndk/android-ndk-r18b/toolchains/llvm/prebuilt/linux-x86_64/lib64/clang/7.0.2/lib/linux/aarch64]
    arg [-L/home/zrji/android_caffe/tmp_ndk/android-ndk-r18b/toolchains/aarch64-linux-android-4.9/prebuilt/linux-x86_64/lib/gcc/aarch64-linux-android/4.9.x] ==> dir [/home/zrji/android_caffe/tmp_ndk/android-ndk-r18b/toolchains/aarch64-linux-android-4.9/prebuilt/linux-x86_64/lib/gcc/aarch64-linux-android/4.9.x]
    arg [-L/home/zrji/android_caffe/tmp_ndk/android-ndk-r18b/toolchains/aarch64-linux-android-4.9/prebuilt/linux-x86_64/lib/gcc/aarch64-linux-android/4.9.x/../../../../aarch64-linux-android/lib/../lib64] ==> dir [/home/zrji/android_caffe/tmp_ndk/android-ndk-r18b/toolchains/aarch64-linux-android-4.9/prebuilt/linux-x86_64/lib/gcc/aarch64-linux-android/4.9.x/../../../../aarch64-linux-android/lib/../lib64]
    arg [-L/home/zrji/android_caffe/tmp_ndk/android-ndk-r18b/toolchains/aarch64-linux-android-4.9/prebuilt/linux-x86_64/lib/gcc/aarch64-linux-android/4.9.x/../../../../aarch64-linux-android/lib] ==> dir [/home/zrji/android_caffe/tmp_ndk/android-ndk-r18b/toolchains/aarch64-linux-android-4.9/prebuilt/linux-x86_64/lib/gcc/aarch64-linux-android/4.9.x/../../../../aarch64-linux-android/lib]
    arg [-L/home/zrji/android_caffe/tmp_ndk/android-ndk-r18b/platforms/android-28/arch-arm64/usr/lib] ==> dir [/home/zrji/android_caffe/tmp_ndk/android-ndk-r18b/platforms/android-28/arch-arm64/usr/lib]
    arg [--exclude-libs] ==> ignore
    arg [libgcc.a] ==> ignore
    arg [--exclude-libs] ==> ignore
    arg [libatomic.a] ==> ignore
    arg [--build-id] ==> ignore
    arg [--warn-shared-textrel] ==> ignore
    arg [--fatal-warnings] ==> ignore
    arg [--no-undefined] ==> ignore
    arg [-znoexecstack] ==> ignore
    arg [-zrelro] ==> ignore
    arg [-znow] ==> ignore
    arg [--gc-sections] ==> ignore
    arg [-znocopyreloc] ==> ignore
    arg [CMakeFiles/cmTC_e6bc6.dir/CMakeCXXCompilerABI.cpp.o] ==> ignore
    arg [-lm] ==> lib [m]
    arg [-lgcc] ==> lib [gcc]
    arg [-lgcc] ==> lib [gcc]
    arg [-ldl] ==> lib [dl]
    arg [-lc] ==> lib [c]
    arg [-lgcc] ==> lib [gcc]
    arg [-lgcc] ==> lib [gcc]
    arg [-ldl] ==> lib [dl]
    arg [/home/zrji/android_caffe/tmp_ndk/android-ndk-r18b/platforms/android-28/arch-arm64/usr/lib/crtend_android.o] ==> ignore
  collapse library dir [/home/zrji/android_caffe/tmp_ndk/android-ndk-r18b/sources/cxx-stl/llvm-libc++/libs/arm64-v8a] ==> [/home/zrji/android_caffe/tmp_ndk/android-ndk-r18b/sources/cxx-stl/llvm-libc++/libs/arm64-v8a]
  collapse library dir [/home/zrji/android_caffe/tmp_ndk/android-ndk-r18b/toolchains/llvm/prebuilt/linux-x86_64/lib64/clang/7.0.2/lib/linux/aarch64] ==> [/home/zrji/android_caffe/tmp_ndk/android-ndk-r18b/toolchains/llvm/prebuilt/linux-x86_64/lib64/clang/7.0.2/lib/linux/aarch64]
  collapse library dir [/home/zrji/android_caffe/tmp_ndk/android-ndk-r18b/toolchains/aarch64-linux-android-4.9/prebuilt/linux-x86_64/lib/gcc/aarch64-linux-android/4.9.x] ==> [/home/zrji/android_caffe/tmp_ndk/android-ndk-r18b/toolchains/aarch64-linux-android-4.9/prebuilt/linux-x86_64/lib/gcc/aarch64-linux-android/4.9.x]
  collapse library dir [/home/zrji/android_caffe/tmp_ndk/android-ndk-r18b/toolchains/aarch64-linux-android-4.9/prebuilt/linux-x86_64/lib/gcc/aarch64-linux-android/4.9.x/../../../../aarch64-linux-android/lib/../lib64] ==> [/home/zrji/android_caffe/tmp_ndk/android-ndk-r18b/toolchains/aarch64-linux-android-4.9/prebuilt/linux-x86_64/aarch64-linux-android/lib64]
  collapse library dir [/home/zrji/android_caffe/tmp_ndk/android-ndk-r18b/toolchains/aarch64-linux-android-4.9/prebuilt/linux-x86_64/lib/gcc/aarch64-linux-android/4.9.x/../../../../aarch64-linux-android/lib] ==> [/home/zrji/android_caffe/tmp_ndk/android-ndk-r18b/toolchains/aarch64-linux-android-4.9/prebuilt/linux-x86_64/aarch64-linux-android/lib]
  collapse library dir [/home/zrji/android_caffe/tmp_ndk/android-ndk-r18b/platforms/android-28/arch-arm64/usr/lib] ==> [/home/zrji/android_caffe/tmp_ndk/android-ndk-r18b/platforms/android-28/arch-arm64/usr/lib]
  implicit libs: [m;gcc;gcc;dl;c;gcc;gcc;dl]
  implicit dirs: [/home/zrji/android_caffe/tmp_ndk/android-ndk-r18b/sources/cxx-stl/llvm-libc++/libs/arm64-v8a;/home/zrji/android_caffe/tmp_ndk/android-ndk-r18b/toolchains/llvm/prebuilt/linux-x86_64/lib64/clang/7.0.2/lib/linux/aarch64;/home/zrji/android_caffe/tmp_ndk/android-ndk-r18b/toolchains/aarch64-linux-android-4.9/prebuilt/linux-x86_64/lib/gcc/aarch64-linux-android/4.9.x;/home/zrji/android_caffe/tmp_ndk/android-ndk-r18b/toolchains/aarch64-linux-android-4.9/prebuilt/linux-x86_64/aarch64-linux-android/lib64;/home/zrji/android_caffe/tmp_ndk/android-ndk-r18b/toolchains/aarch64-linux-android-4.9/prebuilt/linux-x86_64/aarch64-linux-android/lib;/home/zrji/android_caffe/tmp_ndk/android-ndk-r18b/platforms/android-28/arch-arm64/usr/lib]
  implicit fwks: []




Detecting CXX [-std=c++2a] compiler features compiled with the following output:
Change Dir: /home/zrji/android_caffe/caffe-android-opencl/build_arm64-v8a/CMakeFiles/CMakeTmp

Run Build Command:"/usr/bin/make" "cmTC_b75d5/fast"
/usr/bin/make -f CMakeFiles/cmTC_b75d5.dir/build.make CMakeFiles/cmTC_b75d5.dir/build
make[1]: Entering directory '/home/zrji/android_caffe/caffe-android-opencl/build_arm64-v8a/CMakeFiles/CMakeTmp'
Building CXX object CMakeFiles/cmTC_b75d5.dir/feature_tests.cxx.o
/home/zrji/android_caffe/tmp_ndk/android-ndk-r18b/toolchains/llvm/prebuilt/linux-x86_64/bin/clang++ --target=aarch64-none-linux-android28 --gcc-toolchain=/home/zrji/android_caffe/tmp_ndk/android-ndk-r18b/toolchains/aarch64-linux-android-4.9/prebuilt/linux-x86_64 --sysroot=/home/zrji/android_caffe/tmp_ndk/android-ndk-r18b/sysroot   -isystem /home/zrji/android_caffe/tmp_ndk/android-ndk-r18b/sources/cxx-stl/llvm-libc++/include -isystem /home/zrji/android_caffe/tmp_ndk/android-ndk-r18b/sources/cxx-stl/llvm-libc++abi/include  -isystem /home/zrji/android_caffe/tmp_ndk/android-ndk-r18b/sysroot/usr/include/aarch64-linux-android -g -DANDROID -ffunction-sections -funwind-tables -fstack-protector-strong -no-canonical-prefixes -Wa,--noexecstack -Wformat -Werror=format-security -std=c++11   -fPIE   -std=c++2a -o CMakeFiles/cmTC_b75d5.dir/feature_tests.cxx.o -c /home/zrji/android_caffe/caffe-android-opencl/build_arm64-v8a/CMakeFiles/feature_tests.cxx
Linking CXX executable cmTC_b75d5
/usr/bin/cmake -E cmake_link_script CMakeFiles/cmTC_b75d5.dir/link.txt --verbose=1
/home/zrji/android_caffe/tmp_ndk/android-ndk-r18b/toolchains/llvm/prebuilt/linux-x86_64/bin/clang++ --target=aarch64-none-linux-android28 --gcc-toolchain=/home/zrji/android_caffe/tmp_ndk/android-ndk-r18b/toolchains/aarch64-linux-android-4.9/prebuilt/linux-x86_64 --sysroot=/home/zrji/android_caffe/tmp_ndk/android-ndk-r18b/sysroot  -isystem /home/zrji/android_caffe/tmp_ndk/android-ndk-r18b/sysroot/usr/include/aarch64-linux-android -g -DANDROID -ffunction-sections -funwind-tables -fstack-protector-strong -no-canonical-prefixes -Wa,--noexecstack -Wformat -Werror=format-security -std=c++11    -Wl,--exclude-libs,libgcc.a -Wl,--exclude-libs,libatomic.a -nostdlib++ --sysroot /home/zrji/android_caffe/tmp_ndk/android-ndk-r18b/platforms/android-28/arch-arm64 -Wl,--build-id -Wl,--warn-shared-textrel -Wl,--fatal-warnings -L/home/zrji/android_caffe/tmp_ndk/android-ndk-r18b/sources/cxx-stl/llvm-libc++/libs/arm64-v8a -Wl,--no-undefined -Wl,-z,noexecstack -Qunused-arguments -Wl,-z,relro -Wl,-z,now -Wl,--gc-sections -Wl,-z,nocopyreloc -pie -fpie   CMakeFiles/cmTC_b75d5.dir/feature_tests.cxx.o  -o cmTC_b75d5 -latomic -lm "/home/zrji/android_caffe/tmp_ndk/android-ndk-r18b/sources/cxx-stl/llvm-libc++/libs/arm64-v8a/libc++_static.a" "/home/zrji/android_caffe/tmp_ndk/android-ndk-r18b/sources/cxx-stl/llvm-libc++/libs/arm64-v8a/libc++abi.a" 
make[1]: Leaving directory '/home/zrji/android_caffe/caffe-android-opencl/build_arm64-v8a/CMakeFiles/CMakeTmp'


    Feature record: CXX_FEATURE:1cxx_aggregate_default_initializers
    Feature record: CXX_FEATURE:1cxx_alias_templates
    Feature record: CXX_FEATURE:1cxx_alignas
    Feature record: CXX_FEATURE:1cxx_alignof
    Feature record: CXX_FEATURE:1cxx_attributes
    Feature record: CXX_FEATURE:1cxx_attribute_deprecated
    Feature record: CXX_FEATURE:1cxx_auto_type
    Feature record: CXX_FEATURE:1cxx_binary_literals
    Feature record: CXX_FEATURE:1cxx_constexpr
    Feature record: CXX_FEATURE:1cxx_contextual_conversions
    Feature record: CXX_FEATURE:1cxx_decltype
    Feature record: CXX_FEATURE:1cxx_decltype_auto
    Feature record: CXX_FEATURE:1cxx_decltype_incomplete_return_types
    Feature record: CXX_FEATURE:1cxx_default_function_template_args
    Feature record: CXX_FEATURE:1cxx_defaulted_functions
    Feature record: CXX_FEATURE:1cxx_defaulted_move_initializers
    Feature record: CXX_FEATURE:1cxx_delegating_constructors
    Feature record: CXX_FEATURE:1cxx_deleted_functions
    Feature record: CXX_FEATURE:1cxx_digit_separators
    Feature record: CXX_FEATURE:1cxx_enum_forward_declarations
    Feature record: CXX_FEATURE:1cxx_explicit_conversions
    Feature record: CXX_FEATURE:1cxx_extended_friend_declarations
    Feature record: CXX_FEATURE:1cxx_extern_templates
    Feature record: CXX_FEATURE:1cxx_final
    Feature record: CXX_FEATURE:1cxx_func_identifier
    Feature record: CXX_FEATURE:1cxx_generalized_initializers
    Feature record: CXX_FEATURE:1cxx_generic_lambdas
    Feature record: CXX_FEATURE:1cxx_inheriting_constructors
    Feature record: CXX_FEATURE:1cxx_inline_namespaces
    Feature record: CXX_FEATURE:1cxx_lambdas
    Feature record: CXX_FEATURE:1cxx_lambda_init_captures
    Feature record: CXX_FEATURE:1cxx_local_type_template_args
    Feature record: CXX_FEATURE:1cxx_long_long_type
    Feature record: CXX_FEATURE:1cxx_noexcept
    Feature record: CXX_FEATURE:1cxx_nonstatic_member_init
    Feature record: CXX_FEATURE:1cxx_nullptr
    Feature record: CXX_FEATURE:1cxx_override
    Feature record: CXX_FEATURE:1cxx_range_for
    Feature record: CXX_FEATURE:1cxx_raw_string_literals
    Feature record: CXX_FEATURE:1cxx_reference_qualified_functions
    Feature record: CXX_FEATURE:1cxx_relaxed_constexpr
    Feature record: CXX_FEATURE:1cxx_return_type_deduction
    Feature record: CXX_FEATURE:1cxx_right_angle_brackets
    Feature record: CXX_FEATURE:1cxx_rvalue_references
    Feature record: CXX_FEATURE:1cxx_sizeof_member
    Feature record: CXX_FEATURE:1cxx_static_assert
    Feature record: CXX_FEATURE:1cxx_strong_enums
    Feature record: CXX_FEATURE:1cxx_template_template_parameters
    Feature record: CXX_FEATURE:1cxx_thread_local
    Feature record: CXX_FEATURE:1cxx_trailing_return_types
    Feature record: CXX_FEATURE:1cxx_unicode_literals
    Feature record: CXX_FEATURE:1cxx_uniform_initialization
    Feature record: CXX_FEATURE:1cxx_unrestricted_unions
    Feature record: CXX_FEATURE:1cxx_user_literals
    Feature record: CXX_FEATURE:1cxx_variable_templates
    Feature record: CXX_FEATURE:1cxx_variadic_macros
    Feature record: CXX_FEATURE:1cxx_variadic_templates


Detecting CXX [-std=c++17] compiler features compiled with the following output:
Change Dir: /home/zrji/android_caffe/caffe-android-opencl/build_arm64-v8a/CMakeFiles/CMakeTmp

Run Build Command:"/usr/bin/make" "cmTC_3dc46/fast"
/usr/bin/make -f CMakeFiles/cmTC_3dc46.dir/build.make CMakeFiles/cmTC_3dc46.dir/build
make[1]: Entering directory '/home/zrji/android_caffe/caffe-android-opencl/build_arm64-v8a/CMakeFiles/CMakeTmp'
Building CXX object CMakeFiles/cmTC_3dc46.dir/feature_tests.cxx.o
/home/zrji/android_caffe/tmp_ndk/android-ndk-r18b/toolchains/llvm/prebuilt/linux-x86_64/bin/clang++ --target=aarch64-none-linux-android28 --gcc-toolchain=/home/zrji/android_caffe/tmp_ndk/android-ndk-r18b/toolchains/aarch64-linux-android-4.9/prebuilt/linux-x86_64 --sysroot=/home/zrji/android_caffe/tmp_ndk/android-ndk-r18b/sysroot   -isystem /home/zrji/android_caffe/tmp_ndk/android-ndk-r18b/sources/cxx-stl/llvm-libc++/include -isystem /home/zrji/android_caffe/tmp_ndk/android-ndk-r18b/sources/cxx-stl/llvm-libc++abi/include  -isystem /home/zrji/android_caffe/tmp_ndk/android-ndk-r18b/sysroot/usr/include/aarch64-linux-android -g -DANDROID -ffunction-sections -funwind-tables -fstack-protector-strong -no-canonical-prefixes -Wa,--noexecstack -Wformat -Werror=format-security -std=c++11   -fPIE   -std=c++17 -o CMakeFiles/cmTC_3dc46.dir/feature_tests.cxx.o -c /home/zrji/android_caffe/caffe-android-opencl/build_arm64-v8a/CMakeFiles/feature_tests.cxx
Linking CXX executable cmTC_3dc46
/usr/bin/cmake -E cmake_link_script CMakeFiles/cmTC_3dc46.dir/link.txt --verbose=1
/home/zrji/android_caffe/tmp_ndk/android-ndk-r18b/toolchains/llvm/prebuilt/linux-x86_64/bin/clang++ --target=aarch64-none-linux-android28 --gcc-toolchain=/home/zrji/android_caffe/tmp_ndk/android-ndk-r18b/toolchains/aarch64-linux-android-4.9/prebuilt/linux-x86_64 --sysroot=/home/zrji/android_caffe/tmp_ndk/android-ndk-r18b/sysroot  -isystem /home/zrji/android_caffe/tmp_ndk/android-ndk-r18b/sysroot/usr/include/aarch64-linux-android -g -DANDROID -ffunction-sections -funwind-tables -fstack-protector-strong -no-canonical-prefixes -Wa,--noexecstack -Wformat -Werror=format-security -std=c++11    -Wl,--exclude-libs,libgcc.a -Wl,--exclude-libs,libatomic.a -nostdlib++ --sysroot /home/zrji/android_caffe/tmp_ndk/android-ndk-r18b/platforms/android-28/arch-arm64 -Wl,--build-id -Wl,--warn-shared-textrel -Wl,--fatal-warnings -L/home/zrji/android_caffe/tmp_ndk/android-ndk-r18b/sources/cxx-stl/llvm-libc++/libs/arm64-v8a -Wl,--no-undefined -Wl,-z,noexecstack -Qunused-arguments -Wl,-z,relro -Wl,-z,now -Wl,--gc-sections -Wl,-z,nocopyreloc -pie -fpie   CMakeFiles/cmTC_3dc46.dir/feature_tests.cxx.o  -o cmTC_3dc46 -latomic -lm "/home/zrji/android_caffe/tmp_ndk/android-ndk-r18b/sources/cxx-stl/llvm-libc++/libs/arm64-v8a/libc++_static.a" "/home/zrji/android_caffe/tmp_ndk/android-ndk-r18b/sources/cxx-stl/llvm-libc++/libs/arm64-v8a/libc++abi.a" 
make[1]: Leaving directory '/home/zrji/android_caffe/caffe-android-opencl/build_arm64-v8a/CMakeFiles/CMakeTmp'


    Feature record: CXX_FEATURE:1cxx_aggregate_default_initializers
    Feature record: CXX_FEATURE:1cxx_alias_templates
    Feature record: CXX_FEATURE:1cxx_alignas
    Feature record: CXX_FEATURE:1cxx_alignof
    Feature record: CXX_FEATURE:1cxx_attributes
    Feature record: CXX_FEATURE:1cxx_attribute_deprecated
    Feature record: CXX_FEATURE:1cxx_auto_type
    Feature record: CXX_FEATURE:1cxx_binary_literals
    Feature record: CXX_FEATURE:1cxx_constexpr
    Feature record: CXX_FEATURE:1cxx_contextual_conversions
    Feature record: CXX_FEATURE:1cxx_decltype
    Feature record: CXX_FEATURE:1cxx_decltype_auto
    Feature record: CXX_FEATURE:1cxx_decltype_incomplete_return_types
    Feature record: CXX_FEATURE:1cxx_default_function_template_args
    Feature record: CXX_FEATURE:1cxx_defaulted_functions
    Feature record: CXX_FEATURE:1cxx_defaulted_move_initializers
    Feature record: CXX_FEATURE:1cxx_delegating_constructors
    Feature record: CXX_FEATURE:1cxx_deleted_functions
    Feature record: CXX_FEATURE:1cxx_digit_separators
    Feature record: CXX_FEATURE:1cxx_enum_forward_declarations
    Feature record: CXX_FEATURE:1cxx_explicit_conversions
    Feature record: CXX_FEATURE:1cxx_extended_friend_declarations
    Feature record: CXX_FEATURE:1cxx_extern_templates
    Feature record: CXX_FEATURE:1cxx_final
    Feature record: CXX_FEATURE:1cxx_func_identifier
    Feature record: CXX_FEATURE:1cxx_generalized_initializers
    Feature record: CXX_FEATURE:1cxx_generic_lambdas
    Feature record: CXX_FEATURE:1cxx_inheriting_constructors
    Feature record: CXX_FEATURE:1cxx_inline_namespaces
    Feature record: CXX_FEATURE:1cxx_lambdas
    Feature record: CXX_FEATURE:1cxx_lambda_init_captures
    Feature record: CXX_FEATURE:1cxx_local_type_template_args
    Feature record: CXX_FEATURE:1cxx_long_long_type
    Feature record: CXX_FEATURE:1cxx_noexcept
    Feature record: CXX_FEATURE:1cxx_nonstatic_member_init
    Feature record: CXX_FEATURE:1cxx_nullptr
    Feature record: CXX_FEATURE:1cxx_override
    Feature record: CXX_FEATURE:1cxx_range_for
    Feature record: CXX_FEATURE:1cxx_raw_string_literals
    Feature record: CXX_FEATURE:1cxx_reference_qualified_functions
    Feature record: CXX_FEATURE:1cxx_relaxed_constexpr
    Feature record: CXX_FEATURE:1cxx_return_type_deduction
    Feature record: CXX_FEATURE:1cxx_right_angle_brackets
    Feature record: CXX_FEATURE:1cxx_rvalue_references
    Feature record: CXX_FEATURE:1cxx_sizeof_member
    Feature record: CXX_FEATURE:1cxx_static_assert
    Feature record: CXX_FEATURE:1cxx_strong_enums
    Feature record: CXX_FEATURE:1cxx_template_template_parameters
    Feature record: CXX_FEATURE:1cxx_thread_local
    Feature record: CXX_FEATURE:1cxx_trailing_return_types
    Feature record: CXX_FEATURE:1cxx_unicode_literals
    Feature record: CXX_FEATURE:1cxx_uniform_initialization
    Feature record: CXX_FEATURE:1cxx_unrestricted_unions
    Feature record: CXX_FEATURE:1cxx_user_literals
    Feature record: CXX_FEATURE:1cxx_variable_templates
    Feature record: CXX_FEATURE:1cxx_variadic_macros
    Feature record: CXX_FEATURE:1cxx_variadic_templates


Detecting CXX [-std=c++14] compiler features compiled with the following output:
Change Dir: /home/zrji/android_caffe/caffe-android-opencl/build_arm64-v8a/CMakeFiles/CMakeTmp

Run Build Command:"/usr/bin/make" "cmTC_b7855/fast"
/usr/bin/make -f CMakeFiles/cmTC_b7855.dir/build.make CMakeFiles/cmTC_b7855.dir/build
make[1]: Entering directory '/home/zrji/android_caffe/caffe-android-opencl/build_arm64-v8a/CMakeFiles/CMakeTmp'
Building CXX object CMakeFiles/cmTC_b7855.dir/feature_tests.cxx.o
/home/zrji/android_caffe/tmp_ndk/android-ndk-r18b/toolchains/llvm/prebuilt/linux-x86_64/bin/clang++ --target=aarch64-none-linux-android28 --gcc-toolchain=/home/zrji/android_caffe/tmp_ndk/android-ndk-r18b/toolchains/aarch64-linux-android-4.9/prebuilt/linux-x86_64 --sysroot=/home/zrji/android_caffe/tmp_ndk/android-ndk-r18b/sysroot   -isystem /home/zrji/android_caffe/tmp_ndk/android-ndk-r18b/sources/cxx-stl/llvm-libc++/include -isystem /home/zrji/android_caffe/tmp_ndk/android-ndk-r18b/sources/cxx-stl/llvm-libc++abi/include  -isystem /home/zrji/android_caffe/tmp_ndk/android-ndk-r18b/sysroot/usr/include/aarch64-linux-android -g -DANDROID -ffunction-sections -funwind-tables -fstack-protector-strong -no-canonical-prefixes -Wa,--noexecstack -Wformat -Werror=format-security -std=c++11   -fPIE   -std=c++14 -o CMakeFiles/cmTC_b7855.dir/feature_tests.cxx.o -c /home/zrji/android_caffe/caffe-android-opencl/build_arm64-v8a/CMakeFiles/feature_tests.cxx
Linking CXX executable cmTC_b7855
/usr/bin/cmake -E cmake_link_script CMakeFiles/cmTC_b7855.dir/link.txt --verbose=1
/home/zrji/android_caffe/tmp_ndk/android-ndk-r18b/toolchains/llvm/prebuilt/linux-x86_64/bin/clang++ --target=aarch64-none-linux-android28 --gcc-toolchain=/home/zrji/android_caffe/tmp_ndk/android-ndk-r18b/toolchains/aarch64-linux-android-4.9/prebuilt/linux-x86_64 --sysroot=/home/zrji/android_caffe/tmp_ndk/android-ndk-r18b/sysroot  -isystem /home/zrji/android_caffe/tmp_ndk/android-ndk-r18b/sysroot/usr/include/aarch64-linux-android -g -DANDROID -ffunction-sections -funwind-tables -fstack-protector-strong -no-canonical-prefixes -Wa,--noexecstack -Wformat -Werror=format-security -std=c++11    -Wl,--exclude-libs,libgcc.a -Wl,--exclude-libs,libatomic.a -nostdlib++ --sysroot /home/zrji/android_caffe/tmp_ndk/android-ndk-r18b/platforms/android-28/arch-arm64 -Wl,--build-id -Wl,--warn-shared-textrel -Wl,--fatal-warnings -L/home/zrji/android_caffe/tmp_ndk/android-ndk-r18b/sources/cxx-stl/llvm-libc++/libs/arm64-v8a -Wl,--no-undefined -Wl,-z,noexecstack -Qunused-arguments -Wl,-z,relro -Wl,-z,now -Wl,--gc-sections -Wl,-z,nocopyreloc -pie -fpie   CMakeFiles/cmTC_b7855.dir/feature_tests.cxx.o  -o cmTC_b7855 -latomic -lm "/home/zrji/android_caffe/tmp_ndk/android-ndk-r18b/sources/cxx-stl/llvm-libc++/libs/arm64-v8a/libc++_static.a" "/home/zrji/android_caffe/tmp_ndk/android-ndk-r18b/sources/cxx-stl/llvm-libc++/libs/arm64-v8a/libc++abi.a" 
make[1]: Leaving directory '/home/zrji/android_caffe/caffe-android-opencl/build_arm64-v8a/CMakeFiles/CMakeTmp'


    Feature record: CXX_FEATURE:1cxx_aggregate_default_initializers
    Feature record: CXX_FEATURE:1cxx_alias_templates
    Feature record: CXX_FEATURE:1cxx_alignas
    Feature record: CXX_FEATURE:1cxx_alignof
    Feature record: CXX_FEATURE:1cxx_attributes
    Feature record: CXX_FEATURE:1cxx_attribute_deprecated
    Feature record: CXX_FEATURE:1cxx_auto_type
    Feature record: CXX_FEATURE:1cxx_binary_literals
    Feature record: CXX_FEATURE:1cxx_constexpr
    Feature record: CXX_FEATURE:1cxx_contextual_conversions
    Feature record: CXX_FEATURE:1cxx_decltype
    Feature record: CXX_FEATURE:1cxx_decltype_auto
    Feature record: CXX_FEATURE:1cxx_decltype_incomplete_return_types
    Feature record: CXX_FEATURE:1cxx_default_function_template_args
    Feature record: CXX_FEATURE:1cxx_defaulted_functions
    Feature record: CXX_FEATURE:1cxx_defaulted_move_initializers
    Feature record: CXX_FEATURE:1cxx_delegating_constructors
    Feature record: CXX_FEATURE:1cxx_deleted_functions
    Feature record: CXX_FEATURE:1cxx_digit_separators
    Feature record: CXX_FEATURE:1cxx_enum_forward_declarations
    Feature record: CXX_FEATURE:1cxx_explicit_conversions
    Feature record: CXX_FEATURE:1cxx_extended_friend_declarations
    Feature record: CXX_FEATURE:1cxx_extern_templates
    Feature record: CXX_FEATURE:1cxx_final
    Feature record: CXX_FEATURE:1cxx_func_identifier
    Feature record: CXX_FEATURE:1cxx_generalized_initializers
    Feature record: CXX_FEATURE:1cxx_generic_lambdas
    Feature record: CXX_FEATURE:1cxx_inheriting_constructors
    Feature record: CXX_FEATURE:1cxx_inline_namespaces
    Feature record: CXX_FEATURE:1cxx_lambdas
    Feature record: CXX_FEATURE:1cxx_lambda_init_captures
    Feature record: CXX_FEATURE:1cxx_local_type_template_args
    Feature record: CXX_FEATURE:1cxx_long_long_type
    Feature record: CXX_FEATURE:1cxx_noexcept
    Feature record: CXX_FEATURE:1cxx_nonstatic_member_init
    Feature record: CXX_FEATURE:1cxx_nullptr
    Feature record: CXX_FEATURE:1cxx_override
    Feature record: CXX_FEATURE:1cxx_range_for
    Feature record: CXX_FEATURE:1cxx_raw_string_literals
    Feature record: CXX_FEATURE:1cxx_reference_qualified_functions
    Feature record: CXX_FEATURE:1cxx_relaxed_constexpr
    Feature record: CXX_FEATURE:1cxx_return_type_deduction
    Feature record: CXX_FEATURE:1cxx_right_angle_brackets
    Feature record: CXX_FEATURE:1cxx_rvalue_references
    Feature record: CXX_FEATURE:1cxx_sizeof_member
    Feature record: CXX_FEATURE:1cxx_static_assert
    Feature record: CXX_FEATURE:1cxx_strong_enums
    Feature record: CXX_FEATURE:1cxx_template_template_parameters
    Feature record: CXX_FEATURE:1cxx_thread_local
    Feature record: CXX_FEATURE:1cxx_trailing_return_types
    Feature record: CXX_FEATURE:1cxx_unicode_literals
    Feature record: CXX_FEATURE:1cxx_uniform_initialization
    Feature record: CXX_FEATURE:1cxx_unrestricted_unions
    Feature record: CXX_FEATURE:1cxx_user_literals
    Feature record: CXX_FEATURE:1cxx_variable_templates
    Feature record: CXX_FEATURE:1cxx_variadic_macros
    Feature record: CXX_FEATURE:1cxx_variadic_templates


Detecting CXX [-std=c++11] compiler features compiled with the following output:
Change Dir: /home/zrji/android_caffe/caffe-android-opencl/build_arm64-v8a/CMakeFiles/CMakeTmp

Run Build Command:"/usr/bin/make" "cmTC_f5d6b/fast"
/usr/bin/make -f CMakeFiles/cmTC_f5d6b.dir/build.make CMakeFiles/cmTC_f5d6b.dir/build
make[1]: Entering directory '/home/zrji/android_caffe/caffe-android-opencl/build_arm64-v8a/CMakeFiles/CMakeTmp'
Building CXX object CMakeFiles/cmTC_f5d6b.dir/feature_tests.cxx.o
/home/zrji/android_caffe/tmp_ndk/android-ndk-r18b/toolchains/llvm/prebuilt/linux-x86_64/bin/clang++ --target=aarch64-none-linux-android28 --gcc-toolchain=/home/zrji/android_caffe/tmp_ndk/android-ndk-r18b/toolchains/aarch64-linux-android-4.9/prebuilt/linux-x86_64 --sysroot=/home/zrji/android_caffe/tmp_ndk/android-ndk-r18b/sysroot   -isystem /home/zrji/android_caffe/tmp_ndk/android-ndk-r18b/sources/cxx-stl/llvm-libc++/include -isystem /home/zrji/android_caffe/tmp_ndk/android-ndk-r18b/sources/cxx-stl/llvm-libc++abi/include  -isystem /home/zrji/android_caffe/tmp_ndk/android-ndk-r18b/sysroot/usr/include/aarch64-linux-android -g -DANDROID -ffunction-sections -funwind-tables -fstack-protector-strong -no-canonical-prefixes -Wa,--noexecstack -Wformat -Werror=format-security -std=c++11   -fPIE   -std=c++11 -o CMakeFiles/cmTC_f5d6b.dir/feature_tests.cxx.o -c /home/zrji/android_caffe/caffe-android-opencl/build_arm64-v8a/CMakeFiles/feature_tests.cxx
Linking CXX executable cmTC_f5d6b
/usr/bin/cmake -E cmake_link_script CMakeFiles/cmTC_f5d6b.dir/link.txt --verbose=1
/home/zrji/android_caffe/tmp_ndk/android-ndk-r18b/toolchains/llvm/prebuilt/linux-x86_64/bin/clang++ --target=aarch64-none-linux-android28 --gcc-toolchain=/home/zrji/android_caffe/tmp_ndk/android-ndk-r18b/toolchains/aarch64-linux-android-4.9/prebuilt/linux-x86_64 --sysroot=/home/zrji/android_caffe/tmp_ndk/android-ndk-r18b/sysroot  -isystem /home/zrji/android_caffe/tmp_ndk/android-ndk-r18b/sysroot/usr/include/aarch64-linux-android -g -DANDROID -ffunction-sections -funwind-tables -fstack-protector-strong -no-canonical-prefixes -Wa,--noexecstack -Wformat -Werror=format-security -std=c++11    -Wl,--exclude-libs,libgcc.a -Wl,--exclude-libs,libatomic.a -nostdlib++ --sysroot /home/zrji/android_caffe/tmp_ndk/android-ndk-r18b/platforms/android-28/arch-arm64 -Wl,--build-id -Wl,--warn-shared-textrel -Wl,--fatal-warnings -L/home/zrji/android_caffe/tmp_ndk/android-ndk-r18b/sources/cxx-stl/llvm-libc++/libs/arm64-v8a -Wl,--no-undefined -Wl,-z,noexecstack -Qunused-arguments -Wl,-z,relro -Wl,-z,now -Wl,--gc-sections -Wl,-z,nocopyreloc -pie -fpie   CMakeFiles/cmTC_f5d6b.dir/feature_tests.cxx.o  -o cmTC_f5d6b -latomic -lm "/home/zrji/android_caffe/tmp_ndk/android-ndk-r18b/sources/cxx-stl/llvm-libc++/libs/arm64-v8a/libc++_static.a" "/home/zrji/android_caffe/tmp_ndk/android-ndk-r18b/sources/cxx-stl/llvm-libc++/libs/arm64-v8a/libc++abi.a" 
make[1]: Leaving directory '/home/zrji/android_caffe/caffe-android-opencl/build_arm64-v8a/CMakeFiles/CMakeTmp'


    Feature record: CXX_FEATURE:0cxx_aggregate_default_initializers
    Feature record: CXX_FEATURE:1cxx_alias_templates
    Feature record: CXX_FEATURE:1cxx_alignas
    Feature record: CXX_FEATURE:1cxx_alignof
    Feature record: CXX_FEATURE:1cxx_attributes
    Feature record: CXX_FEATURE:0cxx_attribute_deprecated
    Feature record: CXX_FEATURE:1cxx_auto_type
    Feature record: CXX_FEATURE:0cxx_binary_literals
    Feature record: CXX_FEATURE:1cxx_constexpr
    Feature record: CXX_FEATURE:0cxx_contextual_conversions
    Feature record: CXX_FEATURE:1cxx_decltype
    Feature record: CXX_FEATURE:0cxx_decltype_auto
    Feature record: CXX_FEATURE:1cxx_decltype_incomplete_return_types
    Feature record: CXX_FEATURE:1cxx_default_function_template_args
    Feature record: CXX_FEATURE:1cxx_defaulted_functions
    Feature record: CXX_FEATURE:1cxx_defaulted_move_initializers
    Feature record: CXX_FEATURE:1cxx_delegating_constructors
    Feature record: CXX_FEATURE:1cxx_deleted_functions
    Feature record: CXX_FEATURE:0cxx_digit_separators
    Feature record: CXX_FEATURE:1cxx_enum_forward_declarations
    Feature record: CXX_FEATURE:1cxx_explicit_conversions
    Feature record: CXX_FEATURE:1cxx_extended_friend_declarations
    Feature record: CXX_FEATURE:1cxx_extern_templates
    Feature record: CXX_FEATURE:1cxx_final
    Feature record: CXX_FEATURE:1cxx_func_identifier
    Feature record: CXX_FEATURE:1cxx_generalized_initializers
    Feature record: CXX_FEATURE:0cxx_generic_lambdas
    Feature record: CXX_FEATURE:1cxx_inheriting_constructors
    Feature record: CXX_FEATURE:1cxx_inline_namespaces
    Feature record: CXX_FEATURE:1cxx_lambdas
    Feature record: CXX_FEATURE:0cxx_lambda_init_captures
    Feature record: CXX_FEATURE:1cxx_local_type_template_args
    Feature record: CXX_FEATURE:1cxx_long_long_type
    Feature record: CXX_FEATURE:1cxx_noexcept
    Feature record: CXX_FEATURE:1cxx_nonstatic_member_init
    Feature record: CXX_FEATURE:1cxx_nullptr
    Feature record: CXX_FEATURE:1cxx_override
    Feature record: CXX_FEATURE:1cxx_range_for
    Feature record: CXX_FEATURE:1cxx_raw_string_literals
    Feature record: CXX_FEATURE:1cxx_reference_qualified_functions
    Feature record: CXX_FEATURE:0cxx_relaxed_constexpr
    Feature record: CXX_FEATURE:0cxx_return_type_deduction
    Feature record: CXX_FEATURE:1cxx_right_angle_brackets
    Feature record: CXX_FEATURE:1cxx_rvalue_references
    Feature record: CXX_FEATURE:1cxx_sizeof_member
    Feature record: CXX_FEATURE:1cxx_static_assert
    Feature record: CXX_FEATURE:1cxx_strong_enums
    Feature record: CXX_FEATURE:1cxx_template_template_parameters
    Feature record: CXX_FEATURE:1cxx_thread_local
    Feature record: CXX_FEATURE:1cxx_trailing_return_types
    Feature record: CXX_FEATURE:1cxx_unicode_literals
    Feature record: CXX_FEATURE:1cxx_uniform_initialization
    Feature record: CXX_FEATURE:1cxx_unrestricted_unions
    Feature record: CXX_FEATURE:1cxx_user_literals
    Feature record: CXX_FEATURE:0cxx_variable_templates
    Feature record: CXX_FEATURE:1cxx_variadic_macros
    Feature record: CXX_FEATURE:1cxx_variadic_templates


Detecting CXX [-std=c++98] compiler features compiled with the following output:
Change Dir: /home/zrji/android_caffe/caffe-android-opencl/build_arm64-v8a/CMakeFiles/CMakeTmp

Run Build Command:"/usr/bin/make" "cmTC_fd01b/fast"
/usr/bin/make -f CMakeFiles/cmTC_fd01b.dir/build.make CMakeFiles/cmTC_fd01b.dir/build
make[1]: Entering directory '/home/zrji/android_caffe/caffe-android-opencl/build_arm64-v8a/CMakeFiles/CMakeTmp'
Building CXX object CMakeFiles/cmTC_fd01b.dir/feature_tests.cxx.o
/home/zrji/android_caffe/tmp_ndk/android-ndk-r18b/toolchains/llvm/prebuilt/linux-x86_64/bin/clang++ --target=aarch64-none-linux-android28 --gcc-toolchain=/home/zrji/android_caffe/tmp_ndk/android-ndk-r18b/toolchains/aarch64-linux-android-4.9/prebuilt/linux-x86_64 --sysroot=/home/zrji/android_caffe/tmp_ndk/android-ndk-r18b/sysroot   -isystem /home/zrji/android_caffe/tmp_ndk/android-ndk-r18b/sources/cxx-stl/llvm-libc++/include -isystem /home/zrji/android_caffe/tmp_ndk/android-ndk-r18b/sources/cxx-stl/llvm-libc++abi/include  -isystem /home/zrji/android_caffe/tmp_ndk/android-ndk-r18b/sysroot/usr/include/aarch64-linux-android -g -DANDROID -ffunction-sections -funwind-tables -fstack-protector-strong -no-canonical-prefixes -Wa,--noexecstack -Wformat -Werror=format-security -std=c++11   -fPIE   -std=c++98 -o CMakeFiles/cmTC_fd01b.dir/feature_tests.cxx.o -c /home/zrji/android_caffe/caffe-android-opencl/build_arm64-v8a/CMakeFiles/feature_tests.cxx
Linking CXX executable cmTC_fd01b
/usr/bin/cmake -E cmake_link_script CMakeFiles/cmTC_fd01b.dir/link.txt --verbose=1
/home/zrji/android_caffe/tmp_ndk/android-ndk-r18b/toolchains/llvm/prebuilt/linux-x86_64/bin/clang++ --target=aarch64-none-linux-android28 --gcc-toolchain=/home/zrji/android_caffe/tmp_ndk/android-ndk-r18b/toolchains/aarch64-linux-android-4.9/prebuilt/linux-x86_64 --sysroot=/home/zrji/android_caffe/tmp_ndk/android-ndk-r18b/sysroot  -isystem /home/zrji/android_caffe/tmp_ndk/android-ndk-r18b/sysroot/usr/include/aarch64-linux-android -g -DANDROID -ffunction-sections -funwind-tables -fstack-protector-strong -no-canonical-prefixes -Wa,--noexecstack -Wformat -Werror=format-security -std=c++11    -Wl,--exclude-libs,libgcc.a -Wl,--exclude-libs,libatomic.a -nostdlib++ --sysroot /home/zrji/android_caffe/tmp_ndk/android-ndk-r18b/platforms/android-28/arch-arm64 -Wl,--build-id -Wl,--warn-shared-textrel -Wl,--fatal-warnings -L/home/zrji/android_caffe/tmp_ndk/android-ndk-r18b/sources/cxx-stl/llvm-libc++/libs/arm64-v8a -Wl,--no-undefined -Wl,-z,noexecstack -Qunused-arguments -Wl,-z,relro -Wl,-z,now -Wl,--gc-sections -Wl,-z,nocopyreloc -pie -fpie   CMakeFiles/cmTC_fd01b.dir/feature_tests.cxx.o  -o cmTC_fd01b -latomic -lm "/home/zrji/android_caffe/tmp_ndk/android-ndk-r18b/sources/cxx-stl/llvm-libc++/libs/arm64-v8a/libc++_static.a" "/home/zrji/android_caffe/tmp_ndk/android-ndk-r18b/sources/cxx-stl/llvm-libc++/libs/arm64-v8a/libc++abi.a" 
make[1]: Leaving directory '/home/zrji/android_caffe/caffe-android-opencl/build_arm64-v8a/CMakeFiles/CMakeTmp'


    Feature record: CXX_FEATURE:0cxx_aggregate_default_initializers
    Feature record: CXX_FEATURE:0cxx_alias_templates
    Feature record: CXX_FEATURE:0cxx_alignas
    Feature record: CXX_FEATURE:0cxx_alignof
    Feature record: CXX_FEATURE:0cxx_attributes
    Feature record: CXX_FEATURE:0cxx_attribute_deprecated
    Feature record: CXX_FEATURE:0cxx_auto_type
    Feature record: CXX_FEATURE:0cxx_binary_literals
    Feature record: CXX_FEATURE:0cxx_constexpr
    Feature record: CXX_FEATURE:0cxx_contextual_conversions
    Feature record: CXX_FEATURE:0cxx_decltype
    Feature record: CXX_FEATURE:0cxx_decltype_auto
    Feature record: CXX_FEATURE:0cxx_decltype_incomplete_return_types
    Feature record: CXX_FEATURE:0cxx_default_function_template_args
    Feature record: CXX_FEATURE:0cxx_defaulted_functions
    Feature record: CXX_FEATURE:0cxx_defaulted_move_initializers
    Feature record: CXX_FEATURE:0cxx_delegating_constructors
    Feature record: CXX_FEATURE:0cxx_deleted_functions
    Feature record: CXX_FEATURE:0cxx_digit_separators
    Feature record: CXX_FEATURE:0cxx_enum_forward_declarations
    Feature record: CXX_FEATURE:0cxx_explicit_conversions
    Feature record: CXX_FEATURE:0cxx_extended_friend_declarations
    Feature record: CXX_FEATURE:0cxx_extern_templates
    Feature record: CXX_FEATURE:0cxx_final
    Feature record: CXX_FEATURE:0cxx_func_identifier
    Feature record: CXX_FEATURE:0cxx_generalized_initializers
    Feature record: CXX_FEATURE:0cxx_generic_lambdas
    Feature record: CXX_FEATURE:0cxx_inheriting_constructors
    Feature record: CXX_FEATURE:0cxx_inline_namespaces
    Feature record: CXX_FEATURE:0cxx_lambdas
    Feature record: CXX_FEATURE:0cxx_lambda_init_captures
    Feature record: CXX_FEATURE:0cxx_local_type_template_args
    Feature record: CXX_FEATURE:0cxx_long_long_type
    Feature record: CXX_FEATURE:0cxx_noexcept
    Feature record: CXX_FEATURE:0cxx_nonstatic_member_init
    Feature record: CXX_FEATURE:0cxx_nullptr
    Feature record: CXX_FEATURE:0cxx_override
    Feature record: CXX_FEATURE:0cxx_range_for
    Feature record: CXX_FEATURE:0cxx_raw_string_literals
    Feature record: CXX_FEATURE:0cxx_reference_qualified_functions
    Feature record: CXX_FEATURE:0cxx_relaxed_constexpr
    Feature record: CXX_FEATURE:0cxx_return_type_deduction
    Feature record: CXX_FEATURE:0cxx_right_angle_brackets
    Feature record: CXX_FEATURE:0cxx_rvalue_references
    Feature record: CXX_FEATURE:0cxx_sizeof_member
    Feature record: CXX_FEATURE:0cxx_static_assert
    Feature record: CXX_FEATURE:0cxx_strong_enums
    Feature record: CXX_FEATURE:1cxx_template_template_parameters
    Feature record: CXX_FEATURE:0cxx_thread_local
    Feature record: CXX_FEATURE:0cxx_trailing_return_types
    Feature record: CXX_FEATURE:0cxx_unicode_literals
    Feature record: CXX_FEATURE:0cxx_uniform_initialization
    Feature record: CXX_FEATURE:0cxx_unrestricted_unions
    Feature record: CXX_FEATURE:0cxx_user_literals
    Feature record: CXX_FEATURE:0cxx_variable_templates
    Feature record: CXX_FEATURE:0cxx_variadic_macros
    Feature record: CXX_FEATURE:0cxx_variadic_templates
Determining if the include file pthread.h exists passed with the following output:
Change Dir: /home/zrji/android_caffe/caffe-android-opencl/build_arm64-v8a/CMakeFiles/CMakeTmp

Run Build Command:"/usr/bin/make" "cmTC_fb416/fast"
/usr/bin/make -f CMakeFiles/cmTC_fb416.dir/build.make CMakeFiles/cmTC_fb416.dir/build
make[1]: Entering directory '/home/zrji/android_caffe/caffe-android-opencl/build_arm64-v8a/CMakeFiles/CMakeTmp'
Building C object CMakeFiles/cmTC_fb416.dir/CheckIncludeFile.c.o
/home/zrji/android_caffe/tmp_ndk/android-ndk-r18b/toolchains/llvm/prebuilt/linux-x86_64/bin/clang --target=aarch64-none-linux-android28 --gcc-toolchain=/home/zrji/android_caffe/tmp_ndk/android-ndk-r18b/toolchains/aarch64-linux-android-4.9/prebuilt/linux-x86_64 --sysroot=/home/zrji/android_caffe/tmp_ndk/android-ndk-r18b/sysroot   -isystem /home/zrji/android_caffe/tmp_ndk/android-ndk-r18b/sysroot/usr/include/aarch64-linux-android -g -DANDROID -ffunction-sections -funwind-tables -fstack-protector-strong -no-canonical-prefixes -Wa,--noexecstack -Wformat -Werror=format-security   -fPIE   -o CMakeFiles/cmTC_fb416.dir/CheckIncludeFile.c.o   -c /home/zrji/android_caffe/caffe-android-opencl/build_arm64-v8a/CMakeFiles/CMakeTmp/CheckIncludeFile.c
Linking C executable cmTC_fb416
/usr/bin/cmake -E cmake_link_script CMakeFiles/cmTC_fb416.dir/link.txt --verbose=1
/home/zrji/android_caffe/tmp_ndk/android-ndk-r18b/toolchains/llvm/prebuilt/linux-x86_64/bin/clang --target=aarch64-none-linux-android28 --gcc-toolchain=/home/zrji/android_caffe/tmp_ndk/android-ndk-r18b/toolchains/aarch64-linux-android-4.9/prebuilt/linux-x86_64 --sysroot=/home/zrji/android_caffe/tmp_ndk/android-ndk-r18b/sysroot -isystem /home/zrji/android_caffe/tmp_ndk/android-ndk-r18b/sysroot/usr/include/aarch64-linux-android -g -DANDROID -ffunction-sections -funwind-tables -fstack-protector-strong -no-canonical-prefixes -Wa,--noexecstack -Wformat -Werror=format-security    -Wl,--exclude-libs,libgcc.a -Wl,--exclude-libs,libatomic.a -nostdlib++ --sysroot /home/zrji/android_caffe/tmp_ndk/android-ndk-r18b/platforms/android-28/arch-arm64 -Wl,--build-id -Wl,--warn-shared-textrel -Wl,--fatal-warnings -L/home/zrji/android_caffe/tmp_ndk/android-ndk-r18b/sources/cxx-stl/llvm-libc++/libs/arm64-v8a -Wl,--no-undefined -Wl,-z,noexecstack -Qunused-arguments -Wl,-z,relro -Wl,-z,now -Wl,--gc-sections -Wl,-z,nocopyreloc -pie -fpie   CMakeFiles/cmTC_fb416.dir/CheckIncludeFile.c.o  -o cmTC_fb416 -latomic -lm 
make[1]: Leaving directory '/home/zrji/android_caffe/caffe-android-opencl/build_arm64-v8a/CMakeFiles/CMakeTmp'


Determining if the pthread_create exist passed with the following output:
Change Dir: /home/zrji/android_caffe/caffe-android-opencl/build_arm64-v8a/CMakeFiles/CMakeTmp

Run Build Command:"/usr/bin/make" "cmTC_250ce/fast"
/usr/bin/make -f CMakeFiles/cmTC_250ce.dir/build.make CMakeFiles/cmTC_250ce.dir/build
make[1]: Entering directory '/home/zrji/android_caffe/caffe-android-opencl/build_arm64-v8a/CMakeFiles/CMakeTmp'
Building C object CMakeFiles/cmTC_250ce.dir/CheckSymbolExists.c.o
/home/zrji/android_caffe/tmp_ndk/android-ndk-r18b/toolchains/llvm/prebuilt/linux-x86_64/bin/clang --target=aarch64-none-linux-android28 --gcc-toolchain=/home/zrji/android_caffe/tmp_ndk/android-ndk-r18b/toolchains/aarch64-linux-android-4.9/prebuilt/linux-x86_64 --sysroot=/home/zrji/android_caffe/tmp_ndk/android-ndk-r18b/sysroot   -isystem /home/zrji/android_caffe/tmp_ndk/android-ndk-r18b/sysroot/usr/include/aarch64-linux-android -g -DANDROID -ffunction-sections -funwind-tables -fstack-protector-strong -no-canonical-prefixes -Wa,--noexecstack -Wformat -Werror=format-security   -fPIE   -o CMakeFiles/cmTC_250ce.dir/CheckSymbolExists.c.o   -c /home/zrji/android_caffe/caffe-android-opencl/build_arm64-v8a/CMakeFiles/CMakeTmp/CheckSymbolExists.c
Linking C executable cmTC_250ce
/usr/bin/cmake -E cmake_link_script CMakeFiles/cmTC_250ce.dir/link.txt --verbose=1
/home/zrji/android_caffe/tmp_ndk/android-ndk-r18b/toolchains/llvm/prebuilt/linux-x86_64/bin/clang --target=aarch64-none-linux-android28 --gcc-toolchain=/home/zrji/android_caffe/tmp_ndk/android-ndk-r18b/toolchains/aarch64-linux-android-4.9/prebuilt/linux-x86_64 --sysroot=/home/zrji/android_caffe/tmp_ndk/android-ndk-r18b/sysroot -isystem /home/zrji/android_caffe/tmp_ndk/android-ndk-r18b/sysroot/usr/include/aarch64-linux-android -g -DANDROID -ffunction-sections -funwind-tables -fstack-protector-strong -no-canonical-prefixes -Wa,--noexecstack -Wformat -Werror=format-security    -Wl,--exclude-libs,libgcc.a -Wl,--exclude-libs,libatomic.a -nostdlib++ --sysroot /home/zrji/android_caffe/tmp_ndk/android-ndk-r18b/platforms/android-28/arch-arm64 -Wl,--build-id -Wl,--warn-shared-textrel -Wl,--fatal-warnings -L/home/zrji/android_caffe/tmp_ndk/android-ndk-r18b/sources/cxx-stl/llvm-libc++/libs/arm64-v8a -Wl,--no-undefined -Wl,-z,noexecstack -Qunused-arguments -Wl,-z,relro -Wl,-z,now -Wl,--gc-sections -Wl,-z,nocopyreloc -pie -fpie   CMakeFiles/cmTC_250ce.dir/CheckSymbolExists.c.o  -o cmTC_250ce -latomic -lm 
make[1]: Leaving directory '/home/zrji/android_caffe/caffe-android-opencl/build_arm64-v8a/CMakeFiles/CMakeTmp'

File /home/zrji/android_caffe/caffe-android-opencl/build_arm64-v8a/CMakeFiles/CMakeTmp/CheckSymbolExists.c:
/* */
#include <pthread.h>

int main(int argc, char** argv)
{
  (void)argv;
#ifndef pthread_create
  return ((int*)(&pthread_create))[argc];
#else
  (void)argc;
  return 0;
#endif
}

